#
# There is insufficient memory for the Java Runtime Environment to continue.
# Native memory allocation (malloc) failed to allocate 110976 bytes. Error detail: Chunk::new
# Possible reasons:
#   The system is out of physical RAM or swap space
#   This process is running with CompressedOops enabled, and the Java Heap may be blocking the growth of the native heap
# Possible solutions:
#   Reduce memory load on the system
#   Increase physical memory or swap space
#   Check if swap backing store is full
#   Decrease Java heap size (-Xmx/-Xms)
#   Decrease number of Java threads
#   Decrease Java thread stack sizes (-Xss)
#   Set larger code cache with -XX:ReservedCodeCacheSize=
#   JVM is running with Unscaled Compressed Oops mode in which the Java heap is
#     placed in the first 4GB address space. The Java Heap base address is the
#     maximum limit for the native heap growth. Please use -XX:HeapBaseMinAddress
#     to set the Java Heap base and to place the Java Heap above 4GB virtual address.
# This output file may be truncated or incomplete.
#
#  Out of Memory Error (arena.cpp:168), pid=21812, tid=16780
#
# JRE version: OpenJDK Runtime Environment Temurin-21.0.9+10 (21.0.9+10) (build 21.0.9+10-LTS)
# Java VM: OpenJDK 64-Bit Server VM Temurin-21.0.9+10 (21.0.9+10-LTS, mixed mode, sharing, tiered, compressed oops, compressed class ptrs, parallel gc, windows-amd64)
# No core dump will be written. Minidumps are not enabled by default on client versions of Windows
#

---------------  S U M M A R Y ------------

Command Line: --add-modules=ALL-SYSTEM --add-opens=java.base/java.util=ALL-UNNAMED --add-opens=java.base/java.lang=ALL-UNNAMED --add-opens=java.base/sun.nio.fs=ALL-UNNAMED -Declipse.application=org.eclipse.jdt.ls.core.id1 -Dosgi.bundles.defaultStartLevel=4 -Declipse.product=org.eclipse.jdt.ls.core.product -Djava.import.generatesMetadataFilesAtProjectRoot=false -DDetectVMInstallationsJob.disabled=true -Dfile.encoding=utf8 -XX:+UseParallelGC -XX:GCTimeRatio=4 -XX:AdaptiveSizePolicyWeight=90 -Dsun.zip.disableMemoryMapping=true -Xmx2G -Xms100m -Xlog:disable -javaagent:c:\Users\lokes\.vscode\extensions\redhat.java-1.51.0-win32-x64\lombok\lombok-1.18.39-4050.jar c:\Users\lokes\.vscode\extensions\redhat.java-1.51.0-win32-x64\server\plugins\org.eclipse.equinox.launcher_1.7.100.v20251111-0406.jar -configuration c:\Users\lokes\AppData\Roaming\Code\User\globalStorage\redhat.java\1.51.0\config_ss_win -data c:\Users\lokes\AppData\Roaming\Code\User\workspaceStorage\f4b2268d9fd1d9a49c0d2aaac790e11f\redhat.java\ss_ws --pipe=\\.\pipe\lsp-1af6400d78e188a802bb0732b8557a32-sock

Host: 12th Gen Intel(R) Core(TM) i5-1235U, 12 cores, 15G,  Windows 11 , 64 bit Build 26100 (10.0.26100.5074)
Time: Mon Jan 19 19:56:46 2026 Central Standard Time elapsed time: 0.854106 seconds (0d 0h 0m 0s)

---------------  T H R E A D  ---------------

Current thread (0x00000141e40c6130):  JavaThread "C2 CompilerThread2" daemon [_thread_in_native, id=16780, stack(0x000000227a900000,0x000000227aa00000) (1024K)]


Current CompileTask:
C2:854  726       4       java.util.HashSet::iterator (13 bytes)

Stack: [0x000000227a900000,0x000000227aa00000]
Native frames: (J=compiled Java code, j=interpreted, Vv=VM code, C=native code)
V  [jvm.dll+0x6d6e29]
V  [jvm.dll+0x8b4b76]
V  [jvm.dll+0x8b712e]
V  [jvm.dll+0x8b7813]
V  [jvm.dll+0x283d86]
V  [jvm.dll+0xc66ed]
V  [jvm.dll+0xc6c31]
V  [jvm.dll+0x2facee]
V  [jvm.dll+0x5fde44]
V  [jvm.dll+0x255557]
V  [jvm.dll+0x25591d]
V  [jvm.dll+0x24df40]
V  [jvm.dll+0x24b482]
V  [jvm.dll+0x1cb13e]
V  [jvm.dll+0x25b29d]
V  [jvm.dll+0x25982a]
V  [jvm.dll+0x3f7ea6]
V  [jvm.dll+0x85e9ad]
V  [jvm.dll+0x6d565d]
C  [ucrtbase.dll+0x37b0]
C  [KERNEL32.DLL+0x2e8d7]
C  [ntdll.dll+0x8d9c]


---------------  P R O C E S S  ---------------

Threads class SMR info:
_java_thread_list=0x00000141e43c2620, length=13, elements={
0x00000141c4d13190, 0x00000141dd46df90, 0x00000141c4db1470, 0x00000141c4db4040,
0x00000141c4db4a90, 0x00000141c4db9360, 0x00000141c4dba030, 0x00000141c4dbb310,
0x00000141c4dcac80, 0x00000141deaae950, 0x00000141dec05930, 0x00000141e4020100,
0x00000141e40c6130
}

Java Threads: ( => current thread )
  0x00000141c4d13190 JavaThread "main"                              [_thread_in_vm, id=24076, stack(0x0000002279a00000,0x0000002279b00000) (1024K)]
  0x00000141dd46df90 JavaThread "Reference Handler"          daemon [_thread_blocked, id=25872, stack(0x0000002279e00000,0x0000002279f00000) (1024K)]
  0x00000141c4db1470 JavaThread "Finalizer"                  daemon [_thread_blocked, id=26764, stack(0x0000002279f00000,0x000000227a000000) (1024K)]
  0x00000141c4db4040 JavaThread "Signal Dispatcher"          daemon [_thread_blocked, id=27640, stack(0x000000227a000000,0x000000227a100000) (1024K)]
  0x00000141c4db4a90 JavaThread "Attach Listener"            daemon [_thread_blocked, id=17396, stack(0x000000227a100000,0x000000227a200000) (1024K)]
  0x00000141c4db9360 JavaThread "Service Thread"             daemon [_thread_blocked, id=20748, stack(0x000000227a200000,0x000000227a300000) (1024K)]
  0x00000141c4dba030 JavaThread "Monitor Deflation Thread"   daemon [_thread_blocked, id=29576, stack(0x000000227a300000,0x000000227a400000) (1024K)]
  0x00000141c4dbb310 JavaThread "C2 CompilerThread0"         daemon [_thread_blocked, id=26268, stack(0x000000227a400000,0x000000227a500000) (1024K)]
  0x00000141c4dcac80 JavaThread "C1 CompilerThread0"         daemon [_thread_in_native, id=29380, stack(0x000000227a500000,0x000000227a600000) (1024K)]
  0x00000141deaae950 JavaThread "Common-Cleaner"             daemon [_thread_blocked, id=28508, stack(0x000000227a600000,0x000000227a700000) (1024K)]
  0x00000141dec05930 JavaThread "C2 CompilerThread1"         daemon [_thread_in_native, id=31304, stack(0x000000227a700000,0x000000227a800000) (1024K)]
  0x00000141e4020100 JavaThread "Notification Thread"        daemon [_thread_blocked, id=17756, stack(0x000000227a800000,0x000000227a900000) (1024K)]
=>0x00000141e40c6130 JavaThread "C2 CompilerThread2"         daemon [_thread_in_native, id=16780, stack(0x000000227a900000,0x000000227aa00000) (1024K)]
Total: 13

Other Threads:
  0x00000141de8c10a0 VMThread "VM Thread"                           [id=17020, stack(0x0000002279d00000,0x0000002279e00000) (1024K)]
  0x00000141dd34ca00 WatcherThread "VM Periodic Task Thread"        [id=6304, stack(0x0000002279c00000,0x0000002279d00000) (1024K)]
  0x00000141c4d32110 WorkerThread "GC Thread#0"                     [id=11628, stack(0x0000002279b00000,0x0000002279c00000) (1024K)]
Total: 3

Threads with active compile tasks:
C1 CompilerThread0  904  816       3       java.lang.StringUTF16::compress (50 bytes)
C2 CompilerThread1  904  679       4       lombok.patcher.scripts.MethodLevelPatchScript::patch (21 bytes)
C2 CompilerThread2  904  726       4       java.util.HashSet::iterator (13 bytes)
Total: 3

VM state: not at safepoint (normal execution)

VM Mutex/Monitor currently owned by a thread: None

Heap address: 0x0000000080000000, size: 2048 MB, Compressed Oops mode: 32-bit

CDS archive(s) mapped at: [0x0000014180000000-0x0000014180ba0000-0x0000014180ba0000), size 12189696, SharedBaseAddress: 0x0000014180000000, ArchiveRelocationMode: 1.
Compressed class space mapped at: 0x0000014181000000-0x00000141c1000000, reserved size: 1073741824
Narrow klass base: 0x0000014180000000, Narrow klass shift: 0, Narrow klass range: 0x100000000

GC Precious Log:
 CardTable entry size: 512
 CPUs: 12 total, 12 available
 Memory: 16052M
 Large Page Support: Disabled
 NUMA Support: Disabled
 Compressed Oops: Enabled (32-bit)
 Alignments: Space 512K, Generation 512K, Heap 2M
 Heap Min Capacity: 100M
 Heap Initial Capacity: 100M
 Heap Max Capacity: 2G
 Pre-touch: Disabled
 Parallel Workers: 10

Heap:
 PSYoungGen      total 29696K, used 16069K [0x00000000d5580000, 0x00000000d7680000, 0x0000000100000000)
  eden space 25600K, 62% used [0x00000000d5580000,0x00000000d6531480,0x00000000d6e80000)
  from space 4096K, 0% used [0x00000000d7280000,0x00000000d7280000,0x00000000d7680000)
  to   space 4096K, 0% used [0x00000000d6e80000,0x00000000d6e80000,0x00000000d7280000)
 ParOldGen       total 68608K, used 0K [0x0000000080000000, 0x0000000084300000, 0x00000000d5580000)
  object space 68608K, 0% used [0x0000000080000000,0x0000000080000000,0x0000000084300000)
 Metaspace       used 3120K, committed 3392K, reserved 1114112K
  class space    used 323K, committed 448K, reserved 1048576K

Card table byte_map: [0x00000141d87b0000,0x00000141d8bc0000] _byte_map_base: 0x00000141d83b0000

Marking Bits: (ParMarkBitMap*) 0x00007fff13032460
 Begin Bits: [0x00000141d8e70000, 0x00000141dae70000)
 End Bits:   [0x00000141dae70000, 0x00000141dce70000)

Polling page: 0x00000141c4a40000

Metaspace:

Usage:
  Non-class:      2.73 MB used.
      Class:    323.06 KB used.
       Both:      3.05 MB used.

Virtual space:
  Non-class space:       64.00 MB reserved,       2.88 MB (  4%) committed,  1 nodes.
      Class space:        1.00 GB reserved,     448.00 KB ( <1%) committed,  1 nodes.
             Both:        1.06 GB reserved,       3.31 MB ( <1%) committed. 

Chunk freelists:
   Non-Class:  11.54 MB
       Class:  15.52 MB
        Both:  27.07 MB

MaxMetaspaceSize: unlimited
CompressedClassSpaceSize: 1.00 GB
Initial GC threshold: 21.00 MB
Current GC threshold: 21.00 MB
CDS: on
 - commit_granule_bytes: 65536.
 - commit_granule_words: 8192.
 - virtual_space_node_default_size: 8388608.
 - enlarge_chunks_in_place: 1.
 - use_allocation_guard: 0.


Internal statistics:

num_allocs_failed_limit: 0.
num_arena_births: 112.
num_arena_deaths: 0.
num_vsnodes_births: 2.
num_vsnodes_deaths: 0.
num_space_committed: 53.
num_space_uncommitted: 0.
num_chunks_returned_to_freelist: 0.
num_chunks_taken_from_freelist: 141.
num_chunk_merges: 0.
num_chunk_splits: 97.
num_chunks_enlarged: 60.
num_inconsistent_stats: 0.

CodeHeap 'non-profiled nmethods': size=120000Kb used=317Kb max_used=317Kb free=119682Kb
 bounds [0x00000141d10a0000, 0x00000141d1310000, 0x00000141d85d0000]
CodeHeap 'profiled nmethods': size=120000Kb used=1244Kb max_used=1244Kb free=118756Kb
 bounds [0x00000141c95d0000, 0x00000141c9840000, 0x00000141d0b00000]
CodeHeap 'non-nmethods': size=5760Kb used=1188Kb max_used=1204Kb free=4571Kb
 bounds [0x00000141d0b00000, 0x00000141d0d70000, 0x00000141d10a0000]
CodeCache: size=245760Kb, used=2749Kb, max_used=2765Kb, free=243009Kb
 total_blobs=1263, nmethods=816, adapters=354, full_count=0
Compilation: enabled, stopped_count=0, restarted_count=0

Compilation events (20 events):
Event: 0.816 Thread 0x00000141c4dcac80  730       1       java.security.Provider$UString::toString (5 bytes)
Event: 0.816 Thread 0x00000141c4dcac80 nmethod 730 0x00000141d10e3390 code [0x00000141d10e3520, 0x00000141d10e35e8]
Event: 0.816 Thread 0x00000141c4dcac80  731       1       java.security.Provider$Service::getProvider (5 bytes)
Event: 0.816 Thread 0x00000141c4dcac80 nmethod 731 0x00000141d10e3690 code [0x00000141d10e3820, 0x00000141d10e38e8]
Event: 0.817 Thread 0x00000141c4dcac80  732       1       java.security.Provider$Service::getClassName (5 bytes)
Event: 0.817 Thread 0x00000141c4dcac80 nmethod 732 0x00000141d10e3990 code [0x00000141d10e3b20, 0x00000141d10e3be8]
Event: 0.819 Thread 0x00000141c4dcac80  734       3       sun.security.provider.SHA2::implCompress0 (448 bytes)
Event: 0.820 Thread 0x00000141c4dcac80 nmethod 734 0x00000141c96e3710 code [0x00000141c96e3960, 0x00000141c96e4510]
Event: 0.821 Thread 0x00000141c4dcac80  736       3       sun.security.provider.ByteArrayAccess::b2iBig64 (231 bytes)
Event: 0.828 Thread 0x00000141c4dcac80 nmethod 736 0x00000141c96e4c10 code [0x00000141c96e5460, 0x00000141c96e9ff0]
Event: 0.832 Thread 0x00000141c4dcac80  737       3       sun.security.provider.SHA2::implCompress (13 bytes)
Event: 0.832 Thread 0x00000141c4dcac80 nmethod 737 0x00000141c96eb490 code [0x00000141c96eb680, 0x00000141c96ebab8]
Event: 0.833 Thread 0x00000141c4dcac80  738       3       sun.security.provider.SHA2::implCompressCheck (18 bytes)
Event: 0.834 Thread 0x00000141c4dcac80 nmethod 738 0x00000141c96ebd10 code [0x00000141c96ebee0, 0x00000141c96ec270]
Event: 0.836 Thread 0x00000141e40c6130 nmethod 725 0x00000141d10e4590 code [0x00000141d10e47a0, 0x00000141d10e4eb8]
Event: 0.838 Thread 0x00000141e40c6130  726       4       java.util.HashSet::iterator (13 bytes)
Event: 0.839 Thread 0x00000141c4dcac80  744       3       java.util.Arrays::copyOf (10 bytes)
Event: 0.839 Thread 0x00000141c4dcac80 nmethod 744 0x00000141c96ec410 code [0x00000141c96ec5c0, 0x00000141c96ec710]
Event: 0.840 Thread 0x00000141c4dcac80  745       3       java.lang.ClassLoader::findLoadedClass (15 bytes)
Event: 0.841 Thread 0x00000141c4dcac80 nmethod 745 0x00000141c96ec810 code [0x00000141c96ec9e0, 0x00000141c96ecbc8]

GC Heap History (0 events):
No events

Dll operation events (8 events):
Event: 0.018 Loaded shared library c:\Users\lokes\.vscode\extensions\redhat.java-1.51.0-win32-x64\jre\21.0.9-win32-x86_64\bin\java.dll
Event: 0.133 Loaded shared library c:\Users\lokes\.vscode\extensions\redhat.java-1.51.0-win32-x64\jre\21.0.9-win32-x86_64\bin\zip.dll
Event: 0.170 Loaded shared library C:\Users\lokes\.vscode\extensions\redhat.java-1.51.0-win32-x64\jre\21.0.9-win32-x86_64\bin\instrument.dll
Event: 0.179 Loaded shared library C:\Users\lokes\.vscode\extensions\redhat.java-1.51.0-win32-x64\jre\21.0.9-win32-x86_64\bin\net.dll
Event: 0.183 Loaded shared library C:\Users\lokes\.vscode\extensions\redhat.java-1.51.0-win32-x64\jre\21.0.9-win32-x86_64\bin\nio.dll
Event: 0.190 Loaded shared library C:\Users\lokes\.vscode\extensions\redhat.java-1.51.0-win32-x64\jre\21.0.9-win32-x86_64\bin\zip.dll
Event: 0.220 Loaded shared library C:\Users\lokes\.vscode\extensions\redhat.java-1.51.0-win32-x64\jre\21.0.9-win32-x86_64\bin\jimage.dll
Event: 0.344 Loaded shared library c:\Users\lokes\.vscode\extensions\redhat.java-1.51.0-win32-x64\jre\21.0.9-win32-x86_64\bin\verify.dll

Deoptimization events (20 events):
Event: 0.793 Thread 0x00000141c4d13190 DEOPT PACKING pc=0x00000141c96cfb84 sp=0x0000002279afd8d0
Event: 0.793 Thread 0x00000141c4d13190 DEOPT UNPACKING pc=0x00000141d0b54242 sp=0x0000002279afcd28 mode 0
Event: 0.793 Thread 0x00000141c4d13190 DEOPT PACKING pc=0x00000141c96cfb84 sp=0x0000002279afd840
Event: 0.793 Thread 0x00000141c4d13190 DEOPT UNPACKING pc=0x00000141d0b54242 sp=0x0000002279afcc98 mode 0
Event: 0.793 Thread 0x00000141c4d13190 DEOPT PACKING pc=0x00000141c96cfb84 sp=0x0000002279afd8d0
Event: 0.793 Thread 0x00000141c4d13190 DEOPT UNPACKING pc=0x00000141d0b54242 sp=0x0000002279afcd28 mode 0
Event: 0.793 Thread 0x00000141c4d13190 DEOPT PACKING pc=0x00000141c96cfb84 sp=0x0000002279afd8d0
Event: 0.793 Thread 0x00000141c4d13190 DEOPT UNPACKING pc=0x00000141d0b54242 sp=0x0000002279afcd28 mode 0
Event: 0.793 Thread 0x00000141c4d13190 DEOPT PACKING pc=0x00000141c96cfb84 sp=0x0000002279afd840
Event: 0.793 Thread 0x00000141c4d13190 DEOPT UNPACKING pc=0x00000141d0b54242 sp=0x0000002279afcc98 mode 0
Event: 0.793 Thread 0x00000141c4d13190 DEOPT PACKING pc=0x00000141c96cfb84 sp=0x0000002279afd8d0
Event: 0.794 Thread 0x00000141c4d13190 DEOPT UNPACKING pc=0x00000141d0b54242 sp=0x0000002279afcd28 mode 0
Event: 0.794 Thread 0x00000141c4d13190 DEOPT PACKING pc=0x00000141c96cfb84 sp=0x0000002279afd8d0
Event: 0.794 Thread 0x00000141c4d13190 DEOPT UNPACKING pc=0x00000141d0b54242 sp=0x0000002279afcd28 mode 0
Event: 0.797 Thread 0x00000141c4d13190 DEOPT PACKING pc=0x00000141c96cfb84 sp=0x0000002279afd8c0
Event: 0.797 Thread 0x00000141c4d13190 DEOPT UNPACKING pc=0x00000141d0b54242 sp=0x0000002279afcd18 mode 0
Event: 0.797 Thread 0x00000141c4d13190 DEOPT PACKING pc=0x00000141c96cfb84 sp=0x0000002279afd8c0
Event: 0.797 Thread 0x00000141c4d13190 DEOPT UNPACKING pc=0x00000141d0b54242 sp=0x0000002279afcd18 mode 0
Event: 0.797 Thread 0x00000141c4d13190 DEOPT PACKING pc=0x00000141c96cfb84 sp=0x0000002279afd9e0
Event: 0.797 Thread 0x00000141c4d13190 DEOPT UNPACKING pc=0x00000141d0b54242 sp=0x0000002279afce38 mode 0

Classes loaded (20 events):
Event: 0.812 Loading class java/util/Base64$Encoder
Event: 0.812 Loading class java/util/Base64$Encoder done
Event: 0.813 Loading class java/util/jar/JarVerifier$VerifierStream
Event: 0.813 Loading class java/util/jar/JarVerifier$VerifierStream done
Event: 0.814 Loading class sun/security/util/ManifestEntryVerifier$SunProviderHolder
Event: 0.814 Loading class sun/security/util/ManifestEntryVerifier$SunProviderHolder done
Event: 0.834 Loading class java/lang/NumberFormatException
Event: 0.835 Loading class java/lang/NumberFormatException done
Event: 0.835 Loading class java/net/URISyntaxException
Event: 0.835 Loading class java/net/URISyntaxException done
Event: 0.837 Loading class java/security/Policy
Event: 0.838 Loading class java/security/Policy done
Event: 0.840 Loading class java/lang/SecurityException
Event: 0.840 Loading class java/lang/SecurityException done
Event: 0.844 Loading class java/nio/file/attribute/PosixFilePermissions
Event: 0.844 Loading class java/nio/file/attribute/PosixFilePermissions done
Event: 0.844 Loading class java/nio/file/attribute/PosixFilePermission
Event: 0.845 Loading class java/nio/file/attribute/PosixFilePermission done
Event: 0.850 Loading class java/lang/Thread$ThreadNumbering
Event: 0.850 Loading class java/lang/Thread$ThreadNumbering done

Classes unloaded (0 events):
No events

Classes redefined (0 events):
No events

Internal exceptions (12 events):
Event: 0.126 Thread 0x00000141c4d13190 Exception <a 'java/lang/NoSuchMethodError'{0x00000000d57a9480}: 'void java.lang.invoke.DirectMethodHandle$Holder.invokeStatic(java.lang.Object, java.lang.Object, java.lang.Object)'> (0x00000000d57a9480) 
thrown [s\src\hotspot\share\interpreter\linkResolver.cpp, line 773]
Event: 0.209 Thread 0x00000141c4d13190 Exception <a 'java/lang/NoSuchMethodError'{0x00000000d5912b98}: 'java.lang.Object java.lang.invoke.Invokers$Holder.invokeExact_MT(java.lang.Object, java.lang.Object, java.lang.Object, java.lang.Object, java.lang.Object)'> (0x00000000d5912b98) 
thrown [s\src\hotspot\share\interpreter\linkResolver.cpp, line 773]
Event: 0.271 Thread 0x00000141c4d13190 Exception <a 'java/lang/NoSuchMethodError'{0x00000000d59cba40}: 'int java.lang.invoke.DirectMethodHandle$Holder.invokeSpecial(java.lang.Object, java.lang.Object, java.lang.Object, int)'> (0x00000000d59cba40) 
thrown [s\src\hotspot\share\interpreter\linkResolver.cpp, line 773]
Event: 0.275 Thread 0x00000141c4d13190 Exception <a 'java/lang/NoSuchMethodError'{0x00000000d59de428}: 'java.lang.Object java.lang.invoke.DirectMethodHandle$Holder.invokeStatic(java.lang.Object, java.lang.Object, java.lang.Object, java.lang.Object, int)'> (0x00000000d59de428) 
thrown [s\src\hotspot\share\interpreter\linkResolver.cpp, line 773]
Event: 0.279 Thread 0x00000141c4d13190 Exception <a 'java/lang/NoSuchMethodError'{0x00000000d59e9868}: 'void java.lang.invoke.DelegatingMethodHandle$Holder.reinvoke_L(java.lang.Object, java.lang.Object, java.lang.Object, int, java.lang.Object)'> (0x00000000d59e9868) 
thrown [s\src\hotspot\share\interpreter\linkResolver.cpp, line 773]
Event: 0.286 Thread 0x00000141c4d13190 Exception <a 'java/lang/NoSuchMethodError'{0x00000000d59fa1b8}: 'int java.lang.invoke.DirectMethodHandle$Holder.invokeSpecial(java.lang.Object, java.lang.Object, java.lang.Object)'> (0x00000000d59fa1b8) 
thrown [s\src\hotspot\share\interpreter\linkResolver.cpp, line 773]
Event: 0.290 Thread 0x00000141c4d13190 Exception <a 'java/lang/NoSuchMethodError'{0x00000000d5a05e78}: 'java.lang.Object java.lang.invoke.DirectMethodHandle$Holder.invokeStatic(java.lang.Object, java.lang.Object, int)'> (0x00000000d5a05e78) 
thrown [s\src\hotspot\share\interpreter\linkResolver.cpp, line 773]
Event: 0.292 Thread 0x00000141c4d13190 Exception <a 'java/lang/NoSuchMethodError'{0x00000000d5a0a7c8}: 'void java.lang.invoke.DirectMethodHandle$Holder.invokeStatic(java.lang.Object, java.lang.Object, int, java.lang.Object)'> (0x00000000d5a0a7c8) 
thrown [s\src\hotspot\share\interpreter\linkResolver.cpp, line 773]
Event: 0.292 Thread 0x00000141c4d13190 Exception <a 'java/lang/NoSuchMethodError'{0x00000000d5a0e358}: 'void java.lang.invoke.DirectMethodHandle$Holder.invokeSpecial(java.lang.Object, java.lang.Object, java.lang.Object, int, java.lang.Object)'> (0x00000000d5a0e358) 
thrown [s\src\hotspot\share\interpreter\linkResolver.cpp, line 773]
Event: 0.293 Thread 0x00000141c4d13190 Exception <a 'java/lang/NoSuchMethodError'{0x00000000d5a117c8}: 'void java.lang.invoke.DelegatingMethodHandle$Holder.delegate(java.lang.Object, java.lang.Object, int, java.lang.Object)'> (0x00000000d5a117c8) 
thrown [s\src\hotspot\share\interpreter\linkResolver.cpp, line 773]
Event: 0.385 Thread 0x00000141c4d13190 Exception <a 'java/lang/NoSuchMethodError'{0x00000000d5bd0c08}: 'void java.lang.invoke.DelegatingMethodHandle$Holder.reinvoke_L(java.lang.Object, java.lang.Object, java.lang.Object, int)'> (0x00000000d5bd0c08) 
thrown [s\src\hotspot\share\interpreter\linkResolver.cpp, line 773]
Event: 0.634 Thread 0x00000141c4d13190 Exception <a 'java/lang/NoSuchMethodError'{0x00000000d605c040}: 'void java.lang.invoke.DirectMethodHandle$Holder.invokeVirtual(java.lang.Object, java.lang.Object)'> (0x00000000d605c040) 
thrown [s\src\hotspot\share\interpreter\linkResolver.cpp, line 773]

ZGC Phase Switch (0 events):
No events

VM Operations (8 events):
Event: 0.130 Executing VM operation: HandshakeAllThreads (Deoptimize)
Event: 0.130 Executing VM operation: HandshakeAllThreads (Deoptimize) done
Event: 0.240 Executing VM operation: HandshakeAllThreads (Deoptimize)
Event: 0.240 Executing VM operation: HandshakeAllThreads (Deoptimize) done
Event: 0.809 Executing VM operation: HandshakeAllThreads (Deoptimize)
Event: 0.809 Executing VM operation: HandshakeAllThreads (Deoptimize) done
Event: 0.837 Executing VM operation: HandshakeAllThreads (Deoptimize)
Event: 0.837 Executing VM operation: HandshakeAllThreads (Deoptimize) done

Memory protections (0 events):
No events

Nmethod flushes (0 events):
No events

Events (13 events):
Event: 0.043 Thread 0x00000141c4d13190 Thread added: 0x00000141c4d13190
Event: 0.070 Thread 0x00000141c4d13190 Thread added: 0x00000141dd46df90
Event: 0.070 Thread 0x00000141c4d13190 Thread added: 0x00000141c4db1470
Event: 0.070 Thread 0x00000141c4d13190 Thread added: 0x00000141c4db4040
Event: 0.070 Thread 0x00000141c4d13190 Thread added: 0x00000141c4db4a90
Event: 0.071 Thread 0x00000141c4d13190 Thread added: 0x00000141c4db9360
Event: 0.071 Thread 0x00000141c4d13190 Thread added: 0x00000141c4dba030
Event: 0.071 Thread 0x00000141c4d13190 Thread added: 0x00000141c4dbb310
Event: 0.072 Thread 0x00000141c4d13190 Thread added: 0x00000141c4dcac80
Event: 0.173 Thread 0x00000141c4d13190 Thread added: 0x00000141deaae950
Event: 0.336 Thread 0x00000141c4dcac80 Thread added: 0x00000141dec05930
Event: 0.516 Thread 0x00000141c4d13190 Thread added: 0x00000141e4020100
Event: 0.776 Thread 0x00000141c4dcac80 Thread added: 0x00000141e40c6130


Dynamic libraries:
0x00007ff7af4b0000 - 0x00007ff7af4be000 	c:\Users\lokes\.vscode\extensions\redhat.java-1.51.0-win32-x64\jre\21.0.9-win32-x86_64\bin\java.exe
0x00007ff80ea00000 - 0x00007ff80ec69000 	C:\WINDOWS\SYSTEM32\ntdll.dll
0x00007ff80dbe0000 - 0x00007ff80dca9000 	C:\WINDOWS\System32\KERNEL32.DLL
0x00007ff80c130000 - 0x00007ff80c523000 	C:\WINDOWS\System32\KERNELBASE.dll
0x00007ff80bc30000 - 0x00007ff80bd7b000 	C:\WINDOWS\System32\ucrtbase.dll
0x00007fffc3510000 - 0x00007fffc3528000 	c:\Users\lokes\.vscode\extensions\redhat.java-1.51.0-win32-x64\jre\21.0.9-win32-x86_64\bin\jli.dll
0x00007ff80d6c0000 - 0x00007ff80d884000 	C:\WINDOWS\System32\USER32.dll
0x00007ff80bf80000 - 0x00007ff80bfa7000 	C:\WINDOWS\System32\win32u.dll
0x00007ff80dbb0000 - 0x00007ff80dbdb000 	C:\WINDOWS\System32\GDI32.dll
0x00007ff80c5e0000 - 0x00007ff80c70d000 	C:\WINDOWS\System32\gdi32full.dll
0x00007ff80c530000 - 0x00007ff80c5d3000 	C:\WINDOWS\System32\msvcp_win.dll
0x00007fffd1020000 - 0x00007fffd103e000 	c:\Users\lokes\.vscode\extensions\redhat.java-1.51.0-win32-x64\jre\21.0.9-win32-x86_64\bin\VCRUNTIME140.dll
0x00007fffe3920000 - 0x00007fffe3bb3000 	C:\WINDOWS\WinSxS\amd64_microsoft.windows.common-controls_6595b64144ccf1df_6.0.26100.5074_none_3e0d6f78e32fd63f\COMCTL32.dll
0x00007ff80dfa0000 - 0x00007ff80e049000 	C:\WINDOWS\System32\msvcrt.dll
0x00007ff80d570000 - 0x00007ff80d59f000 	C:\WINDOWS\System32\IMM32.DLL
0x00007fffec8d0000 - 0x00007fffec8dc000 	c:\Users\lokes\.vscode\extensions\redhat.java-1.51.0-win32-x64\jre\21.0.9-win32-x86_64\bin\vcruntime140_1.dll
0x00007fff97c30000 - 0x00007fff97cbd000 	c:\Users\lokes\.vscode\extensions\redhat.java-1.51.0-win32-x64\jre\21.0.9-win32-x86_64\bin\msvcp140.dll
0x00007fff12370000 - 0x00007fff13110000 	c:\Users\lokes\.vscode\extensions\redhat.java-1.51.0-win32-x64\jre\21.0.9-win32-x86_64\bin\server\jvm.dll
0x00007ff80d890000 - 0x00007ff80d944000 	C:\WINDOWS\System32\ADVAPI32.dll
0x00007ff80c7d0000 - 0x00007ff80c876000 	C:\WINDOWS\System32\sechost.dll
0x00007ff80e8a0000 - 0x00007ff80e9b8000 	C:\WINDOWS\System32\RPCRT4.dll
0x00007ff80e3d0000 - 0x00007ff80e444000 	C:\WINDOWS\System32\WS2_32.dll
0x00007ff80b9f0000 - 0x00007ff80ba4e000 	C:\WINDOWS\SYSTEM32\POWRPROF.dll
0x00007ff805cb0000 - 0x00007ff805ce5000 	C:\WINDOWS\SYSTEM32\WINMM.dll
0x00007ff801c20000 - 0x00007ff801c2b000 	C:\WINDOWS\SYSTEM32\VERSION.dll
0x00007ff80b9d0000 - 0x00007ff80b9e4000 	C:\WINDOWS\SYSTEM32\UMPDC.dll
0x00007ff80a970000 - 0x00007ff80a98b000 	C:\WINDOWS\SYSTEM32\kernel.appcore.dll
0x00007fffec840000 - 0x00007fffec84a000 	c:\Users\lokes\.vscode\extensions\redhat.java-1.51.0-win32-x64\jre\21.0.9-win32-x86_64\bin\jimage.dll
0x00007ff809520000 - 0x00007ff809762000 	C:\WINDOWS\SYSTEM32\DBGHELP.DLL
0x00007ff80e450000 - 0x00007ff80e7cb000 	C:\WINDOWS\System32\combase.dll
0x00007ff80e2f0000 - 0x00007ff80e3c7000 	C:\WINDOWS\System32\OLEAUT32.dll
0x00007fffe1ec0000 - 0x00007fffe1efd000 	C:\WINDOWS\SYSTEM32\dbgcore.DLL
0x00007ff80bb90000 - 0x00007ff80bc29000 	C:\WINDOWS\System32\bcryptPrimitives.dll
0x00007ff801310000 - 0x00007ff80131f000 	c:\Users\lokes\.vscode\extensions\redhat.java-1.51.0-win32-x64\jre\21.0.9-win32-x86_64\bin\instrument.dll
0x00007fff9e100000 - 0x00007fff9e120000 	c:\Users\lokes\.vscode\extensions\redhat.java-1.51.0-win32-x64\jre\21.0.9-win32-x86_64\bin\java.dll
0x00007ff80cd40000 - 0x00007ff80d48d000 	C:\WINDOWS\System32\SHELL32.dll
0x00007ff80bd80000 - 0x00007ff80beec000 	C:\WINDOWS\System32\wintypes.dll
0x00007ff8097c0000 - 0x00007ff80a019000 	C:\WINDOWS\SYSTEM32\windows.storage.dll
0x00007ff80e1f0000 - 0x00007ff80e2e0000 	C:\WINDOWS\System32\SHCORE.dll
0x00007ff80e7d0000 - 0x00007ff80e832000 	C:\WINDOWS\System32\shlwapi.dll
0x00007ff80bab0000 - 0x00007ff80bad9000 	C:\WINDOWS\SYSTEM32\profapi.dll
0x00007fff9dde0000 - 0x00007fff9ddf8000 	c:\Users\lokes\.vscode\extensions\redhat.java-1.51.0-win32-x64\jre\21.0.9-win32-x86_64\bin\zip.dll
0x00007fffe8ec0000 - 0x00007fffe8ed0000 	C:\Users\lokes\.vscode\extensions\redhat.java-1.51.0-win32-x64\jre\21.0.9-win32-x86_64\bin\net.dll
0x00007ff802d20000 - 0x00007ff802e3f000 	C:\WINDOWS\SYSTEM32\WINHTTP.dll
0x00007ff80aef0000 - 0x00007ff80af5b000 	C:\WINDOWS\system32\mswsock.dll
0x00007fff97a20000 - 0x00007fff97a36000 	C:\Users\lokes\.vscode\extensions\redhat.java-1.51.0-win32-x64\jre\21.0.9-win32-x86_64\bin\nio.dll
0x00007fffdd1b0000 - 0x00007fffdd1c0000 	c:\Users\lokes\.vscode\extensions\redhat.java-1.51.0-win32-x64\jre\21.0.9-win32-x86_64\bin\verify.dll

JVMTI agents:
c:\Users\lokes\.vscode\extensions\redhat.java-1.51.0-win32-x64\lombok\lombok-1.18.39-4050.jar path:c:\Users\lokes\.vscode\extensions\redhat.java-1.51.0-win32-x64\jre\21.0.9-win32-x86_64\bin\instrument.dll, loaded, initialized, instrumentlib options:none

dbghelp: loaded successfully - version: 4.0.5 - missing functions: none
symbol engine: initialized successfully - sym options: 0x614 - pdb path: .;c:\Users\lokes\.vscode\extensions\redhat.java-1.51.0-win32-x64\jre\21.0.9-win32-x86_64\bin;C:\WINDOWS\SYSTEM32;C:\WINDOWS\WinSxS\amd64_microsoft.windows.common-controls_6595b64144ccf1df_6.0.26100.5074_none_3e0d6f78e32fd63f;c:\Users\lokes\.vscode\extensions\redhat.java-1.51.0-win32-x64\jre\21.0.9-win32-x86_64\bin\server

VM Arguments:
jvm_args: --add-modules=ALL-SYSTEM --add-opens=java.base/java.util=ALL-UNNAMED --add-opens=java.base/java.lang=ALL-UNNAMED --add-opens=java.base/sun.nio.fs=ALL-UNNAMED -Declipse.application=org.eclipse.jdt.ls.core.id1 -Dosgi.bundles.defaultStartLevel=4 -Declipse.product=org.eclipse.jdt.ls.core.product -Djava.import.generatesMetadataFilesAtProjectRoot=false -DDetectVMInstallationsJob.disabled=true -Dfile.encoding=utf8 -XX:+UseParallelGC -XX:GCTimeRatio=4 -XX:AdaptiveSizePolicyWeight=90 -Dsun.zip.disableMemoryMapping=true -Xmx2G -Xms100m -Xlog:disable -javaagent:c:\Users\lokes\.vscode\extensions\redhat.java-1.51.0-win32-x64\lombok\lombok-1.18.39-4050.jar 
java_command: c:\Users\lokes\.vscode\extensions\redhat.java-1.51.0-win32-x64\server\plugins\org.eclipse.equinox.launcher_1.7.100.v20251111-0406.jar -configuration c:\Users\lokes\AppData\Roaming\Code\User\globalStorage\redhat.java\1.51.0\config_ss_win -data c:\Users\lokes\AppData\Roaming\Code\User\workspaceStorage\f4b2268d9fd1d9a49c0d2aaac790e11f\redhat.java\ss_ws --pipe=\\.\pipe\lsp-1af6400d78e188a802bb0732b8557a32-sock
java_class_path (initial): c:\Users\lokes\.vscode\extensions\redhat.java-1.51.0-win32-x64\server\plugins\org.eclipse.equinox.launcher_1.7.100.v20251111-0406.jar
Launcher Type: SUN_STANDARD

[Global flags]
    uintx AdaptiveSizePolicyWeight                 = 90                                        {product} {command line}
     intx CICompilerCount                          = 4                                         {product} {ergonomic}
    uintx GCTimeRatio                              = 4                                         {product} {command line}
   size_t InitialHeapSize                          = 104857600                                 {product} {command line}
   size_t MaxHeapSize                              = 2147483648                                {product} {command line}
   size_t MaxNewSize                               = 715653120                                 {product} {ergonomic}
   size_t MinHeapDeltaBytes                        = 524288                                    {product} {ergonomic}
   size_t MinHeapSize                              = 104857600                                 {product} {command line}
   size_t NewSize                                  = 34603008                                  {product} {ergonomic}
    uintx NonNMethodCodeHeapSize                   = 5839372                                {pd product} {ergonomic}
    uintx NonProfiledCodeHeapSize                  = 122909434                              {pd product} {ergonomic}
   size_t OldSize                                  = 70254592                                  {product} {ergonomic}
    uintx ProfiledCodeHeapSize                     = 122909434                              {pd product} {ergonomic}
    uintx ReservedCodeCacheSize                    = 251658240                              {pd product} {ergonomic}
     bool SegmentedCodeCache                       = true                                      {product} {ergonomic}
   size_t SoftMaxHeapSize                          = 2147483648                             {manageable} {ergonomic}
     bool UseCompressedOops                        = true                           {product lp64_product} {ergonomic}
     bool UseLargePagesIndividualAllocation        = false                                  {pd product} {ergonomic}
     bool UseParallelGC                            = true                                      {product} {command line}

Logging:
Log output configuration:
 #0: stdout all=off uptime,level,tags foldmultilines=false
 #1: stderr all=off uptime,level,tags foldmultilines=false

Release file:
JAVA_VERSION="21.0.9" 
MODULES="java.base java.compiler java.datatransfer java.xml java.prefs java.desktop java.instrument java.logging java.management java.security.sasl java.naming java.rmi java.management.rmi java.net.http java.scripting java.security.jgss java.transaction.xa java.sql java.sql.rowset java.xml.crypto java.se java.smartcardio jdk.accessibility jdk.internal.jvmstat jdk.attach jdk.charsets jdk.internal.opt jdk.zipfs jdk.compiler jdk.crypto.ec jdk.crypto.cryptoki jdk.crypto.mscapi jdk.dynalink jdk.internal.ed jdk.editpad jdk.hotspot.agent jdk.httpserver jdk.internal.le jdk.internal.vm.ci jdk.internal.vm.compiler jdk.internal.vm.compiler.management jdk.jartool jdk.javadoc jdk.jcmd jdk.management jdk.management.agent jdk.jconsole jdk.jdeps jdk.jdwp.agent jdk.jdi jdk.jfr jdk.jshell jdk.jsobject jdk.jstatd jdk.localedata jdk.management.jfr jdk.naming.dns jdk.naming.rmi jdk.net jdk.nio.mapmode jdk.random jdk.sctp jdk.security.auth jdk.security.jgss jdk.unsupported jdk.unsupported.desktop jdk.xml.dom" 

Environment Variables:
PATH=C:\Python313\Scripts\;C:\Python313\;C:\Program Files\Common Files\Oracle\Java\javapath;C:\Program Files (x86)\Common Files\Oracle\Java\javapath;C:\Program Files\Microsoft\jdk-11.0.12.7-hotspot\bin;C:\windows\system32;C:\windows;C:\windows\System32\Wbem;C:\windows\System32\WindowsPowerShell\v1.0\;C:\windows\System32\OpenSSH\;C:\Program Files (x86)\NVIDIA Corporation\PhysX\Common;C:\Program Files\NVIDIA Corporation\NVIDIA NvDLISR;C:\WINDOWS\system32;C:\WINDOWS;C:\WINDOWS\System32\Wbem;C:\WINDOWS\System32\WindowsPowerShell\v1.0\;C:\WINDOWS\System32\OpenSSH\;C:\Program Files\Microsoft SQL Server\150\Tools\Binn\;C:\Program Files\Microsoft SQL Server\Client SDK\ODBC\170\Tools\Binn\;C:\Program Files\dotnet\;C:\Program Files (x86)\Windows Kits\10\Windows Performance Toolkit\;C:\MS\DS\Project1_DS\proto\protoc-24.4-win64\bin;C:\Program Files\HP\HP One Agent;C:\Program Files\nodejs\;C:\Users\lokes\AppData\Roaming\npm;C:\MS\Job\weather-service;C:\Program Files\Git\cmd;C:\WINDOWS\system32;C:\WINDOWS;C:\WINDOWS\System32\Wbem;C:\WINDOWS\System32\WindowsPowerShell\v1.0\;C:\WINDOWS\System32\OpenSSH\;C:\Program Files\Docker\Docker\resources\bin;C:\Terraform;C:\Program Files\Amazon\AWSCLIV2\;C:\Program Files\cursor\resources\app\bin;C:\Users\lokes\AppData\Local\Programs\Python\Python311\Scripts\;C:\Users\lokes\AppData\Local\Programs\Python\Python311\;C:\Users\lokes\AppData\Local\Microsoft\WindowsApps;C:\Users\lokes\AppData\Local\Programs\Microsoft VS Code\bin;C:\Users\lokes\.dotnet\tools;C:\sqlite;C:\Users\lokes\AppData\Roaming\npm;C:\Users\lokes\AppData\Local\Microsoft\WinGet\Packages\Schniz.fnm_Microsoft.Winget.Source_8wekyb3d8bbwe;C:\Users\lokes\AppData\Local\Programs\cursor\resources\app\bin;
USERNAME=lokes
OS=Windows_NT
PROCESSOR_IDENTIFIER=Intel64 Family 6 Model 154 Stepping 4, GenuineIntel
TMP=C:\Users\lokes\AppData\Local\Temp
TEMP=C:\Users\lokes\AppData\Local\Temp




Periodic native trim disabled

---------------  S Y S T E M  ---------------

OS:
 Windows 11 , 64 bit Build 26100 (10.0.26100.5074)
OS uptime: 0 days 3:43 hours
Hyper-V role detected

CPU: total 12 (initial active 12) (6 cores per cpu, 2 threads per core) family 6 model 154 stepping 4 microcode 0x42c, cx8, cmov, fxsr, ht, mmx, 3dnowpref, sse, sse2, sse3, ssse3, sse4.1, sse4.2, popcnt, lzcnt, tsc, tscinvbit, avx, avx2, aes, erms, clmul, bmi1, bmi2, adx, sha, fma, vzeroupper, clflush, clflushopt, clwb, hv, serialize, rdtscp, rdpid, fsrm, f16c, cet_ibt, cet_ss
Processor Information for processor 0
  Max Mhz: 1300, Current Mhz: 1300, Mhz Limit: 1300
Processor Information for processor 1
  Max Mhz: 1300, Current Mhz: 1300, Mhz Limit: 1300
Processor Information for processor 2
  Max Mhz: 1300, Current Mhz: 1300, Mhz Limit: 1300
Processor Information for processor 3
  Max Mhz: 1300, Current Mhz: 1300, Mhz Limit: 1300
Processor Information for processor 4
  Max Mhz: 1300, Current Mhz: 900, Mhz Limit: 897
Processor Information for processor 5
  Max Mhz: 1300, Current Mhz: 900, Mhz Limit: 897
Processor Information for processor 6
  Max Mhz: 1300, Current Mhz: 900, Mhz Limit: 897
Processor Information for processor 7
  Max Mhz: 1300, Current Mhz: 900, Mhz Limit: 897
Processor Information for processor 8
  Max Mhz: 1300, Current Mhz: 900, Mhz Limit: 897
Processor Information for processor 9
  Max Mhz: 1300, Current Mhz: 900, Mhz Limit: 897
Processor Information for processor 10
  Max Mhz: 1300, Current Mhz: 900, Mhz Limit: 897
Processor Information for processor 11
  Max Mhz: 1300, Current Mhz: 900, Mhz Limit: 897

Memory: 4k page, system-wide physical 16052M (1935M free)
TotalPageFile size 29521M (AvailPageFile size 5M)
current process WorkingSet (physical memory assigned to process): 67M, peak: 67M
current process commit charge ("private bytes"): 242M, peak: 243M

vm_info: OpenJDK 64-Bit Server VM (21.0.9+10-LTS) for windows-amd64 JRE (21.0.9+10-LTS), built on 2025-10-21T00:00:00Z by "admin" with unknown MS VC++:1942

END.
