#
# There is insufficient memory for the Java Runtime Environment to continue.
# Native memory allocation (mmap) failed to map 65536 bytes. Error detail: Failed to commit metaspace.
# Possible reasons:
#   The system is out of physical RAM or swap space
#   This process is running with CompressedOops enabled, and the Java Heap may be blocking the growth of the native heap
# Possible solutions:
#   Reduce memory load on the system
#   Increase physical memory or swap space
#   Check if swap backing store is full
#   Decrease Java heap size (-Xmx/-Xms)
#   Decrease number of Java threads
#   Decrease Java thread stack sizes (-Xss)
#   Set larger code cache with -XX:ReservedCodeCacheSize=
#   JVM is running with Unscaled Compressed Oops mode in which the Java heap is
#     placed in the first 4GB address space. The Java Heap base address is the
#     maximum limit for the native heap growth. Please use -XX:HeapBaseMinAddress
#     to set the Java Heap base and to place the Java Heap above 4GB virtual address.
# This output file may be truncated or incomplete.
#
#  Out of Memory Error (virtualSpaceNode.cpp:113), pid=12336, tid=7240
#
# JRE version:  (21.0.9+10) (build )
# Java VM: OpenJDK 64-Bit Server VM (21.0.9+10-LTS, mixed mode, tiered, compressed oops, compressed class ptrs, parallel gc, windows-amd64)
# No core dump will be written. Minidumps are not enabled by default on client versions of Windows
#

---------------  S U M M A R Y ------------

Command Line: --add-modules=ALL-SYSTEM --add-opens=java.base/java.util=ALL-UNNAMED --add-opens=java.base/java.lang=ALL-UNNAMED --add-opens=java.base/sun.nio.fs=ALL-UNNAMED -Declipse.application=org.eclipse.jdt.ls.core.id1 -Dosgi.bundles.defaultStartLevel=4 -Declipse.product=org.eclipse.jdt.ls.core.product -Djava.import.generatesMetadataFilesAtProjectRoot=false -DDetectVMInstallationsJob.disabled=true -Dfile.encoding=utf8 -XX:+UseParallelGC -XX:GCTimeRatio=4 -XX:AdaptiveSizePolicyWeight=90 -Dsun.zip.disableMemoryMapping=true -Xmx2G -Xms100m -Xlog:disable -javaagent:c:\Users\lokes\.vscode\extensions\redhat.java-1.51.0-win32-x64\lombok\lombok-1.18.39-4050.jar -XX:+HeapDumpOnOutOfMemoryError -XX:HeapDumpPath=c:\Users\lokes\AppData\Roaming\Code\User\workspaceStorage\f4b2268d9fd1d9a49c0d2aaac790e11f\redhat.java -Daether.dependencyCollector.impl=bf c:\Users\lokes\.vscode\extensions\redhat.java-1.51.0-win32-x64\server\plugins\org.eclipse.equinox.launcher_1.7.100.v20251111-0406.jar -configuration c:\Users\lokes\AppData\Roaming\Code\User\globalStorage\redhat.java\1.51.0\config_win -data c:\Users\lokes\AppData\Roaming\Code\User\workspaceStorage\f4b2268d9fd1d9a49c0d2aaac790e11f\redhat.java\jdt_ws --pipe=\\.\pipe\lsp-6b37ff3d4d0cd0b8a4a6c13fe933f97d-sock

Host: 12th Gen Intel(R) Core(TM) i5-1235U, 12 cores, 15G,  Windows 11 , 64 bit Build 26100 (10.0.26100.5074)
Time: Mon Jan 19 19:56:46 2026 Central Standard Time elapsed time: 0.096476 seconds (0d 0h 0m 0s)

---------------  T H R E A D  ---------------

Current thread (0x000001b7af76b690):  JavaThread "Unknown thread" [_thread_in_vm, id=7240, stack(0x0000009a2bd00000,0x0000009a2be00000) (1024K)]

Stack: [0x0000009a2bd00000,0x0000009a2be00000]
Native frames: (J=compiled Java code, j=interpreted, Vv=VM code, C=native code)
V  [jvm.dll+0x6d6e29]
V  [jvm.dll+0x8b4b76]
V  [jvm.dll+0x8b712e]
V  [jvm.dll+0x8b7813]
V  [jvm.dll+0x283d86]
V  [jvm.dll+0x8b08be]
V  [jvm.dll+0x678824]
V  [jvm.dll+0x67888a]
V  [jvm.dll+0x67b086]
V  [jvm.dll+0x67af52]
V  [jvm.dll+0x6791fe]
V  [jvm.dll+0x26f054]
V  [jvm.dll+0x219d5f]
V  [jvm.dll+0x20f44e]
V  [jvm.dll+0x5b5a0f]
V  [jvm.dll+0x2210ce]
V  [jvm.dll+0x82d53d]
V  [jvm.dll+0x82e56b]
V  [jvm.dll+0x82eb34]
V  [jvm.dll+0x82e7c8]
V  [jvm.dll+0x8b2b28]
V  [jvm.dll+0x8b2906]
V  [jvm.dll+0x87c4e7]
V  [jvm.dll+0x87de0d]
V  [jvm.dll+0x3c42a9]
V  [jvm.dll+0x86727b]
V  [jvm.dll+0x457391]
V  [jvm.dll+0x458f81]
C  [jli.dll+0x52d0]
C  [ucrtbase.dll+0x37b0]
C  [KERNEL32.DLL+0x2e8d7]
C  [ntdll.dll+0x8d9c]


---------------  P R O C E S S  ---------------

Threads class SMR info:
_java_thread_list=0x000001b7b1a286e0, length=1, elements={
0x000001b7af76b690
}

Java Threads: ( => current thread )
=>0x000001b7af76b690 JavaThread "Unknown thread"             [_thread_in_vm, id=7240, stack(0x0000009a2bd00000,0x0000009a2be00000) (1024K)]
Total: 1

Other Threads:
  0x000001b7c838ca00 WatcherThread "VM Periodic Task Thread"        [id=4736, stack(0x0000009a2bf00000,0x0000009a2c000000) (1024K)]
  0x000001b7b1a1f650 WorkerThread "GC Thread#0"                     [id=23708, stack(0x0000009a2be00000,0x0000009a2bf00000) (1024K)]
Total: 2

Threads with active compile tasks:
Total: 0

VM state: not at safepoint (not fully initialized)

VM Mutex/Monitor currently owned by a thread:  ([mutex/lock_event])
[0x00007fff1302b4f0] Metaspace_lock - owner thread: 0x000001b7af76b690

Heap address: 0x0000000080000000, size: 2048 MB, Compressed Oops mode: 32-bit

CDS archive(s) not mapped
Compressed class space mapped at: 0x0000000100000000-0x0000000140000000, reserved size: 1073741824
Narrow klass base: 0x0000000000000000, Narrow klass shift: 3, Narrow klass range: 0x140000000

GC Precious Log:
 CardTable entry size: 512
 CPUs: 12 total, 12 available
 Memory: 16052M
 Large Page Support: Disabled
 NUMA Support: Disabled
 Compressed Oops: Enabled (32-bit)
 Alignments: Space 512K, Generation 512K, Heap 2M
 Heap Min Capacity: 100M
 Heap Initial Capacity: 100M
 Heap Max Capacity: 2G
 Pre-touch: Disabled
 Parallel Workers: 10

Heap:
 PSYoungGen      total 29696K, used 512K [0x00000000d5580000, 0x00000000d7680000, 0x0000000100000000)
  eden space 25600K, 2% used [0x00000000d5580000,0x00000000d5600070,0x00000000d6e80000)
  from space 4096K, 0% used [0x00000000d7280000,0x00000000d7280000,0x00000000d7680000)
  to   space 4096K, 0% used [0x00000000d6e80000,0x00000000d6e80000,0x00000000d7280000)
 ParOldGen       total 68608K, used 0K [0x0000000080000000, 0x0000000084300000, 0x00000000d5580000)
  object space 68608K, 0% used [0x0000000080000000,0x0000000080000000,0x0000000084300000)
 Metaspace       used 694K, committed 704K, reserved 1114112K
  class space    used 59K, committed 64K, reserved 1048576K

Card table byte_map: [0x000001b7b13a0000,0x000001b7b17b0000] _byte_map_base: 0x000001b7b0fa0000

Marking Bits: (ParMarkBitMap*) 0x00007fff13032460
 Begin Bits: [0x000001b7c3eb0000, 0x000001b7c5eb0000)
 End Bits:   [0x000001b7c5eb0000, 0x000001b7c7eb0000)

GC Heap History (0 events):
No events

Dll operation events (2 events):
Event: 0.021 Loaded shared library c:\Users\lokes\.vscode\extensions\redhat.java-1.51.0-win32-x64\jre\21.0.9-win32-x86_64\bin\java.dll
Event: 0.064 Loaded shared library c:\Users\lokes\.vscode\extensions\redhat.java-1.51.0-win32-x64\jre\21.0.9-win32-x86_64\bin\zip.dll

Deoptimization events (0 events):
No events

Classes loaded (20 events):
Event: 0.088 Loading class jdk/internal/reflect/UnsafeStaticFieldAccessorImpl done
Event: 0.088 Loading class jdk/internal/reflect/CallerSensitive
Event: 0.088 Loading class java/lang/annotation/Annotation
Event: 0.088 Loading class java/lang/annotation/Annotation done
Event: 0.088 Loading class jdk/internal/reflect/CallerSensitive done
Event: 0.088 Loading class jdk/internal/reflect/NativeConstructorAccessorImpl
Event: 0.088 Loading class jdk/internal/reflect/NativeConstructorAccessorImpl done
Event: 0.088 Loading class java/lang/invoke/DirectMethodHandle
Event: 0.089 Loading class java/lang/invoke/MethodHandle
Event: 0.090 Loading class java/lang/invoke/MethodHandle done
Event: 0.091 Loading class java/lang/invoke/DirectMethodHandle done
Event: 0.091 Loading class java/lang/invoke/VarHandle
Event: 0.092 Loading class java/lang/invoke/VarHandle done
Event: 0.092 Loading class java/lang/invoke/MemberName
Event: 0.092 Loading class java/lang/invoke/MemberName done
Event: 0.092 Loading class java/lang/invoke/ResolvedMethodName
Event: 0.092 Loading class java/lang/invoke/ResolvedMethodName done
Event: 0.092 Loading class java/lang/invoke/MethodHandleNatives
Event: 0.093 Loading class java/lang/invoke/MethodHandleNatives done
Event: 0.093 Loading class java/lang/invoke/LambdaForm

Classes unloaded (0 events):
No events

Classes redefined (0 events):
No events

Internal exceptions (0 events):
No events

ZGC Phase Switch (0 events):
No events

VM Operations (0 events):
No events

Memory protections (0 events):
No events

Nmethod flushes (0 events):
No events

Events (1 events):
Event: 0.047 Thread 0x000001b7af76b690 Thread added: 0x000001b7af76b690


Dynamic libraries:
0x00007ff7af4b0000 - 0x00007ff7af4be000 	c:\Users\lokes\.vscode\extensions\redhat.java-1.51.0-win32-x64\jre\21.0.9-win32-x86_64\bin\java.exe
0x00007ff80ea00000 - 0x00007ff80ec69000 	C:\WINDOWS\SYSTEM32\ntdll.dll
0x00007ff80dbe0000 - 0x00007ff80dca9000 	C:\WINDOWS\System32\KERNEL32.DLL
0x00007ff80c130000 - 0x00007ff80c523000 	C:\WINDOWS\System32\KERNELBASE.dll
0x00007ff80bc30000 - 0x00007ff80bd7b000 	C:\WINDOWS\System32\ucrtbase.dll
0x00007fffc3510000 - 0x00007fffc3528000 	c:\Users\lokes\.vscode\extensions\redhat.java-1.51.0-win32-x64\jre\21.0.9-win32-x86_64\bin\jli.dll
0x00007ff80d6c0000 - 0x00007ff80d884000 	C:\WINDOWS\System32\USER32.dll
0x00007fffd1020000 - 0x00007fffd103e000 	c:\Users\lokes\.vscode\extensions\redhat.java-1.51.0-win32-x64\jre\21.0.9-win32-x86_64\bin\VCRUNTIME140.dll
0x00007ff80bf80000 - 0x00007ff80bfa7000 	C:\WINDOWS\System32\win32u.dll
0x00007fffe3920000 - 0x00007fffe3bb3000 	C:\WINDOWS\WinSxS\amd64_microsoft.windows.common-controls_6595b64144ccf1df_6.0.26100.5074_none_3e0d6f78e32fd63f\COMCTL32.dll
0x00007ff80dbb0000 - 0x00007ff80dbdb000 	C:\WINDOWS\System32\GDI32.dll
0x00007ff80c5e0000 - 0x00007ff80c70d000 	C:\WINDOWS\System32\gdi32full.dll
0x00007ff80c530000 - 0x00007ff80c5d3000 	C:\WINDOWS\System32\msvcp_win.dll
0x00007ff80dfa0000 - 0x00007ff80e049000 	C:\WINDOWS\System32\msvcrt.dll
0x00007ff80d570000 - 0x00007ff80d59f000 	C:\WINDOWS\System32\IMM32.DLL
0x00007fffec8d0000 - 0x00007fffec8dc000 	c:\Users\lokes\.vscode\extensions\redhat.java-1.51.0-win32-x64\jre\21.0.9-win32-x86_64\bin\vcruntime140_1.dll
0x00007fff97c30000 - 0x00007fff97cbd000 	c:\Users\lokes\.vscode\extensions\redhat.java-1.51.0-win32-x64\jre\21.0.9-win32-x86_64\bin\msvcp140.dll
0x00007fff12370000 - 0x00007fff13110000 	c:\Users\lokes\.vscode\extensions\redhat.java-1.51.0-win32-x64\jre\21.0.9-win32-x86_64\bin\server\jvm.dll
0x00007ff80d890000 - 0x00007ff80d944000 	C:\WINDOWS\System32\ADVAPI32.dll
0x00007ff80c7d0000 - 0x00007ff80c876000 	C:\WINDOWS\System32\sechost.dll
0x00007ff80e8a0000 - 0x00007ff80e9b8000 	C:\WINDOWS\System32\RPCRT4.dll
0x00007ff80e3d0000 - 0x00007ff80e444000 	C:\WINDOWS\System32\WS2_32.dll
0x00007ff80b9f0000 - 0x00007ff80ba4e000 	C:\WINDOWS\SYSTEM32\POWRPROF.dll
0x00007ff801c20000 - 0x00007ff801c2b000 	C:\WINDOWS\SYSTEM32\VERSION.dll
0x00007ff805cb0000 - 0x00007ff805ce5000 	C:\WINDOWS\SYSTEM32\WINMM.dll
0x00007ff80b9d0000 - 0x00007ff80b9e4000 	C:\WINDOWS\SYSTEM32\UMPDC.dll
0x00007ff80a970000 - 0x00007ff80a98b000 	C:\WINDOWS\SYSTEM32\kernel.appcore.dll
0x00007fffec840000 - 0x00007fffec84a000 	c:\Users\lokes\.vscode\extensions\redhat.java-1.51.0-win32-x64\jre\21.0.9-win32-x86_64\bin\jimage.dll
0x00007ff809520000 - 0x00007ff809762000 	C:\WINDOWS\SYSTEM32\DBGHELP.DLL
0x00007ff80e450000 - 0x00007ff80e7cb000 	C:\WINDOWS\System32\combase.dll
0x00007ff80e2f0000 - 0x00007ff80e3c7000 	C:\WINDOWS\System32\OLEAUT32.dll
0x00007fffe1ec0000 - 0x00007fffe1efd000 	C:\WINDOWS\SYSTEM32\dbgcore.DLL
0x00007ff80bb90000 - 0x00007ff80bc29000 	C:\WINDOWS\System32\bcryptPrimitives.dll
0x00007ff801310000 - 0x00007ff80131f000 	c:\Users\lokes\.vscode\extensions\redhat.java-1.51.0-win32-x64\jre\21.0.9-win32-x86_64\bin\instrument.dll
0x00007fff9e100000 - 0x00007fff9e120000 	c:\Users\lokes\.vscode\extensions\redhat.java-1.51.0-win32-x64\jre\21.0.9-win32-x86_64\bin\java.dll
0x00007fff9dde0000 - 0x00007fff9ddf8000 	c:\Users\lokes\.vscode\extensions\redhat.java-1.51.0-win32-x64\jre\21.0.9-win32-x86_64\bin\zip.dll

JVMTI agents:
c:\Users\lokes\.vscode\extensions\redhat.java-1.51.0-win32-x64\lombok\lombok-1.18.39-4050.jar path:none, loaded, not initialized, instrumentlib options:none

dbghelp: loaded successfully - version: 4.0.5 - missing functions: none
symbol engine: initialized successfully - sym options: 0x614 - pdb path: .;c:\Users\lokes\.vscode\extensions\redhat.java-1.51.0-win32-x64\jre\21.0.9-win32-x86_64\bin;C:\WINDOWS\SYSTEM32;C:\WINDOWS\WinSxS\amd64_microsoft.windows.common-controls_6595b64144ccf1df_6.0.26100.5074_none_3e0d6f78e32fd63f;c:\Users\lokes\.vscode\extensions\redhat.java-1.51.0-win32-x64\jre\21.0.9-win32-x86_64\bin\server

VM Arguments:
jvm_args: --add-modules=ALL-SYSTEM --add-opens=java.base/java.util=ALL-UNNAMED --add-opens=java.base/java.lang=ALL-UNNAMED --add-opens=java.base/sun.nio.fs=ALL-UNNAMED -Declipse.application=org.eclipse.jdt.ls.core.id1 -Dosgi.bundles.defaultStartLevel=4 -Declipse.product=org.eclipse.jdt.ls.core.product -Djava.import.generatesMetadataFilesAtProjectRoot=false -DDetectVMInstallationsJob.disabled=true -Dfile.encoding=utf8 -XX:+UseParallelGC -XX:GCTimeRatio=4 -XX:AdaptiveSizePolicyWeight=90 -Dsun.zip.disableMemoryMapping=true -Xmx2G -Xms100m -Xlog:disable -javaagent:c:\Users\lokes\.vscode\extensions\redhat.java-1.51.0-win32-x64\lombok\lombok-1.18.39-4050.jar -XX:+HeapDumpOnOutOfMemoryError -XX:HeapDumpPath=c:\Users\lokes\AppData\Roaming\Code\User\workspaceStorage\f4b2268d9fd1d9a49c0d2aaac790e11f\redhat.java -Daether.dependencyCollector.impl=bf 
java_command: c:\Users\lokes\.vscode\extensions\redhat.java-1.51.0-win32-x64\server\plugins\org.eclipse.equinox.launcher_1.7.100.v20251111-0406.jar -configuration c:\Users\lokes\AppData\Roaming\Code\User\globalStorage\redhat.java\1.51.0\config_win -data c:\Users\lokes\AppData\Roaming\Code\User\workspaceStorage\f4b2268d9fd1d9a49c0d2aaac790e11f\redhat.java\jdt_ws --pipe=\\.\pipe\lsp-6b37ff3d4d0cd0b8a4a6c13fe933f97d-sock
java_class_path (initial): c:\Users\lokes\.vscode\extensions\redhat.java-1.51.0-win32-x64\server\plugins\org.eclipse.equinox.launcher_1.7.100.v20251111-0406.jar
Launcher Type: SUN_STANDARD

[Global flags]
    uintx AdaptiveSizePolicyWeight                 = 90                                        {product} {command line}
     intx CICompilerCount                          = 4                                         {product} {ergonomic}
    uintx GCTimeRatio                              = 4                                         {product} {command line}
     bool HeapDumpOnOutOfMemoryError               = true                                   {manageable} {command line}
    ccstr HeapDumpPath                             = c:\Users\lokes\AppData\Roaming\Code\User\workspaceStorage\f4b2268d9fd1d9a49c0d2aaac790e11f\redhat.java         {manageable} {command line}
   size_t InitialHeapSize                          = 104857600                                 {product} {command line}
   size_t MaxHeapSize                              = 2147483648                                {product} {command line}
   size_t MaxNewSize                               = 715653120                                 {product} {ergonomic}
   size_t MinHeapDeltaBytes                        = 524288                                    {product} {ergonomic}
   size_t MinHeapSize                              = 104857600                                 {product} {command line}
   size_t NewSize                                  = 34603008                                  {product} {ergonomic}
    uintx NonNMethodCodeHeapSize                   = 5839372                                {pd product} {ergonomic}
    uintx NonProfiledCodeHeapSize                  = 122909434                              {pd product} {ergonomic}
   size_t OldSize                                  = 70254592                                  {product} {ergonomic}
    uintx ProfiledCodeHeapSize                     = 122909434                              {pd product} {ergonomic}
    uintx ReservedCodeCacheSize                    = 251658240                              {pd product} {ergonomic}
     bool SegmentedCodeCache                       = true                                      {product} {ergonomic}
   size_t SoftMaxHeapSize                          = 2147483648                             {manageable} {ergonomic}
     bool UseCompressedOops                        = true                           {product lp64_product} {ergonomic}
     bool UseLargePagesIndividualAllocation        = false                                  {pd product} {ergonomic}
     bool UseParallelGC                            = true                                      {product} {command line}

Logging:
Log output configuration:
 #0: stdout all=off uptime,level,tags foldmultilines=false
 #1: stderr all=off uptime,level,tags foldmultilines=false

Release file:
<release file has not been read>
Environment Variables:
PATH=C:\Python313\Scripts\;C:\Python313\;C:\Program Files\Common Files\Oracle\Java\javapath;C:\Program Files (x86)\Common Files\Oracle\Java\javapath;C:\Program Files\Microsoft\jdk-11.0.12.7-hotspot\bin;C:\windows\system32;C:\windows;C:\windows\System32\Wbem;C:\windows\System32\WindowsPowerShell\v1.0\;C:\windows\System32\OpenSSH\;C:\Program Files (x86)\NVIDIA Corporation\PhysX\Common;C:\Program Files\NVIDIA Corporation\NVIDIA NvDLISR;C:\WINDOWS\system32;C:\WINDOWS;C:\WINDOWS\System32\Wbem;C:\WINDOWS\System32\WindowsPowerShell\v1.0\;C:\WINDOWS\System32\OpenSSH\;C:\Program Files\Microsoft SQL Server\150\Tools\Binn\;C:\Program Files\Microsoft SQL Server\Client SDK\ODBC\170\Tools\Binn\;C:\Program Files\dotnet\;C:\Program Files (x86)\Windows Kits\10\Windows Performance Toolkit\;C:\MS\DS\Project1_DS\proto\protoc-24.4-win64\bin;C:\Program Files\HP\HP One Agent;C:\Program Files\nodejs\;C:\Users\lokes\AppData\Roaming\npm;C:\MS\Job\weather-service;C:\Program Files\Git\cmd;C:\WINDOWS\system32;C:\WINDOWS;C:\WINDOWS\System32\Wbem;C:\WINDOWS\System32\WindowsPowerShell\v1.0\;C:\WINDOWS\System32\OpenSSH\;C:\Program Files\Docker\Docker\resources\bin;C:\Terraform;C:\Program Files\Amazon\AWSCLIV2\;C:\Program Files\cursor\resources\app\bin;C:\Users\lokes\AppData\Local\Programs\Python\Python311\Scripts\;C:\Users\lokes\AppData\Local\Programs\Python\Python311\;C:\Users\lokes\AppData\Local\Microsoft\WindowsApps;C:\Users\lokes\AppData\Local\Programs\Microsoft VS Code\bin;C:\Users\lokes\.dotnet\tools;C:\sqlite;C:\Users\lokes\AppData\Roaming\npm;C:\Users\lokes\AppData\Local\Microsoft\WinGet\Packages\Schniz.fnm_Microsoft.Winget.Source_8wekyb3d8bbwe;C:\Users\lokes\AppData\Local\Programs\cursor\resources\app\bin;
USERNAME=lokes
OS=Windows_NT
PROCESSOR_IDENTIFIER=Intel64 Family 6 Model 154 Stepping 4, GenuineIntel
TMP=C:\Users\lokes\AppData\Local\Temp
TEMP=C:\Users\lokes\AppData\Local\Temp




Periodic native trim disabled

---------------  S Y S T E M  ---------------

OS:
 Windows 11 , 64 bit Build 26100 (10.0.26100.5074)
OS uptime: 0 days 3:43 hours
Hyper-V role detected

CPU: total 12 (initial active 12) (6 cores per cpu, 2 threads per core) family 6 model 154 stepping 4 microcode 0x42c, cx8, cmov, fxsr, ht, mmx, 3dnowpref, sse, sse2, sse3, ssse3, sse4.1, sse4.2, popcnt, lzcnt, tsc, tscinvbit, avx, avx2, aes, erms, clmul, bmi1, bmi2, adx, sha, fma, vzeroupper, clflush, clflushopt, clwb, hv, serialize, rdtscp, rdpid, fsrm, f16c, cet_ibt, cet_ss
Processor Information for processor 0
  Max Mhz: 1300, Current Mhz: 1300, Mhz Limit: 1300
Processor Information for processor 1
  Max Mhz: 1300, Current Mhz: 1300, Mhz Limit: 1300
Processor Information for processor 2
  Max Mhz: 1300, Current Mhz: 1300, Mhz Limit: 1300
Processor Information for processor 3
  Max Mhz: 1300, Current Mhz: 1300, Mhz Limit: 1300
Processor Information for processor 4
  Max Mhz: 1300, Current Mhz: 900, Mhz Limit: 897
Processor Information for processor 5
  Max Mhz: 1300, Current Mhz: 900, Mhz Limit: 897
Processor Information for processor 6
  Max Mhz: 1300, Current Mhz: 900, Mhz Limit: 897
Processor Information for processor 7
  Max Mhz: 1300, Current Mhz: 900, Mhz Limit: 897
Processor Information for processor 8
  Max Mhz: 1300, Current Mhz: 900, Mhz Limit: 897
Processor Information for processor 9
  Max Mhz: 1300, Current Mhz: 900, Mhz Limit: 897
Processor Information for processor 10
  Max Mhz: 1300, Current Mhz: 900, Mhz Limit: 897
Processor Information for processor 11
  Max Mhz: 1300, Current Mhz: 900, Mhz Limit: 897

Memory: 4k page, system-wide physical 16052M (1935M free)
TotalPageFile size 29521M (AvailPageFile size 5M)
current process WorkingSet (physical memory assigned to process): 16M, peak: 16M
current process commit charge ("private bytes"): 182M, peak: 191M

vm_info: OpenJDK 64-Bit Server VM (21.0.9+10-LTS) for windows-amd64 JRE (21.0.9+10-LTS), built on 2025-10-21T00:00:00Z by "admin" with unknown MS VC++:1942

END.
