#
# There is insufficient memory for the Java Runtime Environment to continue.
# Native memory allocation (malloc) failed to allocate 1045776 bytes. Error detail: Chunk::new
# Possible reasons:
#   The system is out of physical RAM or swap space
#   This process is running with CompressedOops enabled, and the Java Heap may be blocking the growth of the native heap
# Possible solutions:
#   Reduce memory load on the system
#   Increase physical memory or swap space
#   Check if swap backing store is full
#   Decrease Java heap size (-Xmx/-Xms)
#   Decrease number of Java threads
#   Decrease Java thread stack sizes (-Xss)
#   Set larger code cache with -XX:ReservedCodeCacheSize=
#   JVM is running with Unscaled Compressed Oops mode in which the Java heap is
#     placed in the first 4GB address space. The Java Heap base address is the
#     maximum limit for the native heap growth. Please use -XX:HeapBaseMinAddress
#     to set the Java Heap base and to place the Java Heap above 4GB virtual address.
# This output file may be truncated or incomplete.
#
#  Out of Memory Error (arena.cpp:168), pid=30396, tid=30168
#
# JRE version: OpenJDK Runtime Environment Temurin-21.0.9+10 (21.0.9+10) (build 21.0.9+10-LTS)
# Java VM: OpenJDK 64-Bit Server VM Temurin-21.0.9+10 (21.0.9+10-LTS, mixed mode, sharing, tiered, compressed oops, compressed class ptrs, parallel gc, windows-amd64)
# No core dump will be written. Minidumps are not enabled by default on client versions of Windows
#

---------------  S U M M A R Y ------------

Command Line: --add-modules=ALL-SYSTEM --add-opens=java.base/java.util=ALL-UNNAMED --add-opens=java.base/java.lang=ALL-UNNAMED --add-opens=java.base/sun.nio.fs=ALL-UNNAMED -Declipse.application=org.eclipse.jdt.ls.core.id1 -Dosgi.bundles.defaultStartLevel=4 -Declipse.product=org.eclipse.jdt.ls.core.product -Djava.import.generatesMetadataFilesAtProjectRoot=false -DDetectVMInstallationsJob.disabled=true -Dfile.encoding=utf8 -XX:+UseParallelGC -XX:GCTimeRatio=4 -XX:AdaptiveSizePolicyWeight=90 -Dsun.zip.disableMemoryMapping=true -Xmx2G -Xms100m -Xlog:disable -javaagent:c:\Users\lokes\.vscode\extensions\redhat.java-1.51.0-win32-x64\lombok\lombok-1.18.39-4050.jar -XX:+HeapDumpOnOutOfMemoryError -XX:HeapDumpPath=c:\Users\lokes\AppData\Roaming\Code\User\workspaceStorage\f4b2268d9fd1d9a49c0d2aaac790e11f\redhat.java -Daether.dependencyCollector.impl=bf c:\Users\lokes\.vscode\extensions\redhat.java-1.51.0-win32-x64\server\plugins\org.eclipse.equinox.launcher_1.7.100.v20251111-0406.jar -configuration c:\Users\lokes\AppData\Roaming\Code\User\globalStorage\redhat.java\1.51.0\config_win -data c:\Users\lokes\AppData\Roaming\Code\User\workspaceStorage\f4b2268d9fd1d9a49c0d2aaac790e11f\redhat.java\jdt_ws --pipe=\\.\pipe\lsp-e988839c5098d5c0515923dbf9d97173-sock

Host: 12th Gen Intel(R) Core(TM) i5-1235U, 12 cores, 15G,  Windows 11 , 64 bit Build 26100 (10.0.26100.5074)
Time: Mon Jan 19 19:50:36 2026 Central Standard Time elapsed time: 5.542938 seconds (0d 0h 0m 5s)

---------------  T H R E A D  ---------------

Current thread (0x000001efc61d3e50):  JavaThread "C2 CompilerThread2" daemon [_thread_in_native, id=30168, stack(0x0000003584100000,0x0000003584200000) (1024K)]


Current CompileTask:
C2:5543 3338       4       org.eclipse.osgi.storage.BundleInfo$CachedManifest::get (6 bytes)

Stack: [0x0000003584100000,0x0000003584200000]
Native frames: (J=compiled Java code, j=interpreted, Vv=VM code, C=native code)
V  [jvm.dll+0x6d6e29]
V  [jvm.dll+0x8b4b76]
V  [jvm.dll+0x8b712e]
V  [jvm.dll+0x8b7813]
V  [jvm.dll+0x283d86]
V  [jvm.dll+0xc66ed]
V  [jvm.dll+0xc6c31]
V  [jvm.dll+0x3be501]
V  [jvm.dll+0x38ab92]
V  [jvm.dll+0x389fda]
V  [jvm.dll+0x24bfa0]
V  [jvm.dll+0x24b580]
V  [jvm.dll+0x1cb13e]
V  [jvm.dll+0x25b29d]
V  [jvm.dll+0x25982a]
V  [jvm.dll+0x3f7ea6]
V  [jvm.dll+0x85e9ad]
V  [jvm.dll+0x6d565d]
C  [ucrtbase.dll+0x37b0]
C  [KERNEL32.DLL+0x2e8d7]
C  [ntdll.dll+0x8d9c]


---------------  P R O C E S S  ---------------

Threads class SMR info:
_java_thread_list=0x000001efc6f11c60, length=32, elements={
0x000001efe51aa640, 0x000001efe753dda0, 0x000001efe7631fa0, 0x000001efe7637a80,
0x000001efe763aad0, 0x000001efe763b720, 0x000001efe7638bf0, 0x000001efe7639a20,
0x000001efe764e0e0, 0x000001efff497ab0, 0x000001efff5e5880, 0x000001efc186d5f0,
0x000001efc19234f0, 0x000001efc15bb340, 0x000001efc15bb9a0, 0x000001efc15bc410,
0x000001efc16f8b30, 0x000001efc612cfb0, 0x000001efc612d640, 0x000001efc612dcd0,
0x000001efc612a850, 0x000001efc612b570, 0x000001efc612c920, 0x000001efc612bc00,
0x000001efc612c290, 0x000001efc663ceb0, 0x000001efc663d540, 0x000001efc663c190,
0x000001efc6dddc40, 0x000001efc663dbd0, 0x000001efc61d3e50, 0x000001efc663e260
}

Java Threads: ( => current thread )
  0x000001efe51aa640 JavaThread "main"                              [_thread_blocked, id=27164, stack(0x0000003581700000,0x0000003581800000) (1024K)]
  0x000001efe753dda0 JavaThread "Reference Handler"          daemon [_thread_blocked, id=12408, stack(0x0000003581b00000,0x0000003581c00000) (1024K)]
  0x000001efe7631fa0 JavaThread "Finalizer"                  daemon [_thread_blocked, id=27044, stack(0x0000003581c00000,0x0000003581d00000) (1024K)]
  0x000001efe7637a80 JavaThread "Signal Dispatcher"          daemon [_thread_blocked, id=27528, stack(0x0000003581d00000,0x0000003581e00000) (1024K)]
  0x000001efe763aad0 JavaThread "Attach Listener"            daemon [_thread_blocked, id=28264, stack(0x0000003581e00000,0x0000003581f00000) (1024K)]
  0x000001efe763b720 JavaThread "Service Thread"             daemon [_thread_blocked, id=22612, stack(0x0000003581f00000,0x0000003582000000) (1024K)]
  0x000001efe7638bf0 JavaThread "Monitor Deflation Thread"   daemon [_thread_blocked, id=7216, stack(0x0000003582000000,0x0000003582100000) (1024K)]
  0x000001efe7639a20 JavaThread "C2 CompilerThread0"         daemon [_thread_blocked, id=1692, stack(0x0000003582100000,0x0000003582200000) (1024K)]
  0x000001efe764e0e0 JavaThread "C1 CompilerThread0"         daemon [_thread_blocked, id=24460, stack(0x0000003582200000,0x0000003582300000) (1024K)]
  0x000001efff497ab0 JavaThread "Common-Cleaner"             daemon [_thread_blocked, id=16320, stack(0x0000003582300000,0x0000003582400000) (1024K)]
  0x000001efff5e5880 JavaThread "Notification Thread"        daemon [_thread_blocked, id=31252, stack(0x0000003582500000,0x0000003582600000) (1024K)]
  0x000001efc186d5f0 JavaThread "Equinox resolver thread - Equinox Container: 37c11ba9-026c-470b-8bab-224303cf90cf" daemon [_thread_blocked, id=24788, stack(0x0000003582d00000,0x0000003582e00000) (1024K)]
  0x000001efc19234f0 JavaThread "Equinox resolver thread - Equinox Container: 37c11ba9-026c-470b-8bab-224303cf90cf" daemon [_thread_blocked, id=30516, stack(0x0000003582e00000,0x0000003582f00000) (1024K)]
  0x000001efc15bb340 JavaThread "Equinox resolver thread - Equinox Container: 37c11ba9-026c-470b-8bab-224303cf90cf" daemon [_thread_blocked, id=26012, stack(0x0000003582f00000,0x0000003583000000) (1024K)]
  0x000001efc15bb9a0 JavaThread "Equinox resolver thread - Equinox Container: 37c11ba9-026c-470b-8bab-224303cf90cf" daemon [_thread_blocked, id=27340, stack(0x0000003583000000,0x0000003583100000) (1024K)]
  0x000001efc15bc410 JavaThread "Equinox resolver thread - Equinox Container: 37c11ba9-026c-470b-8bab-224303cf90cf" daemon [_thread_blocked, id=17792, stack(0x0000003583100000,0x0000003583200000) (1024K)]
  0x000001efc16f8b30 JavaThread "Equinox resolver thread - Equinox Container: 37c11ba9-026c-470b-8bab-224303cf90cf" daemon [_thread_blocked, id=22208, stack(0x0000003583200000,0x0000003583300000) (1024K)]
  0x000001efc612cfb0 JavaThread "Active Thread: Equinox Container: 37c11ba9-026c-470b-8bab-224303cf90cf"        [_thread_blocked, id=28984, stack(0x0000003583300000,0x0000003583400000) (1024K)]
  0x000001efc612d640 JavaThread "Framework Event Dispatcher: Equinox Container: 37c11ba9-026c-470b-8bab-224303cf90cf" daemon [_thread_blocked, id=28792, stack(0x0000003583400000,0x0000003583500000) (1024K)]
  0x000001efc612dcd0 JavaThread "Start Level: Equinox Container: 37c11ba9-026c-470b-8bab-224303cf90cf" daemon [_thread_in_vm, id=27068, stack(0x0000003583500000,0x0000003583600000) (1024K)]
  0x000001efc612a850 JavaThread "Bundle File Closer"         daemon [_thread_blocked, id=28644, stack(0x0000003583700000,0x0000003583800000) (1024K)]
  0x000001efc612b570 JavaThread "Refresh Thread: Equinox Container: 37c11ba9-026c-470b-8bab-224303cf90cf" daemon [_thread_blocked, id=25876, stack(0x0000003583800000,0x0000003583900000) (1024K)]
  0x000001efc612c920 JavaThread "Equinox resolver thread - Equinox Container: 37c11ba9-026c-470b-8bab-224303cf90cf" daemon [_thread_blocked, id=15672, stack(0x0000003583900000,0x0000003583a00000) (1024K)]
  0x000001efc612bc00 JavaThread "Equinox resolver thread - Equinox Container: 37c11ba9-026c-470b-8bab-224303cf90cf" daemon [_thread_blocked, id=31256, stack(0x0000003583a00000,0x0000003583b00000) (1024K)]
  0x000001efc612c290 JavaThread "Equinox resolver thread - Equinox Container: 37c11ba9-026c-470b-8bab-224303cf90cf" daemon [_thread_blocked, id=31284, stack(0x0000003583b00000,0x0000003583c00000) (1024K)]
  0x000001efc663ceb0 JavaThread "Equinox resolver thread - Equinox Container: 37c11ba9-026c-470b-8bab-224303cf90cf" daemon [_thread_blocked, id=17356, stack(0x0000003583c00000,0x0000003583d00000) (1024K)]
  0x000001efc663d540 JavaThread "Equinox resolver thread - Equinox Container: 37c11ba9-026c-470b-8bab-224303cf90cf" daemon [_thread_blocked, id=20088, stack(0x0000003583d00000,0x0000003583e00000) (1024K)]
  0x000001efc663c190 JavaThread "Equinox resolver thread - Equinox Container: 37c11ba9-026c-470b-8bab-224303cf90cf" daemon [_thread_blocked, id=21884, stack(0x0000003583e00000,0x0000003583f00000) (1024K)]
  0x000001efc6dddc40 JavaThread "C2 CompilerThread1"         daemon [_thread_in_native, id=31052, stack(0x0000003582400000,0x0000003582500000) (1024K)]
  0x000001efc663dbd0 JavaThread "SCR Component Actor"        daemon [_thread_blocked, id=10816, stack(0x0000003582600000,0x0000003582700000) (1024K)]
=>0x000001efc61d3e50 JavaThread "C2 CompilerThread2"         daemon [_thread_in_native, id=30168, stack(0x0000003584100000,0x0000003584200000) (1024K)]
  0x000001efc663e260 JavaThread "Worker-JM"                         [_thread_blocked, id=17624, stack(0x0000003584200000,0x0000003584300000) (1024K)]
Total: 32

Other Threads:
  0x000001efe7524a30 VMThread "VM Thread"                           [id=27112, stack(0x0000003581a00000,0x0000003581b00000) (1024K)]
  0x000001efe741ca00 WatcherThread "VM Periodic Task Thread"        [id=6816, stack(0x0000003581900000,0x0000003581a00000) (1024K)]
  0x000001efe75af4e0 WorkerThread "GC Thread#0"                     [id=31312, stack(0x0000003581800000,0x0000003581900000) (1024K)]
  0x000001efc18edff0 WorkerThread "GC Thread#1"                     [id=3848, stack(0x0000003582700000,0x0000003582800000) (1024K)]
  0x000001efc14b7c30 WorkerThread "GC Thread#2"                     [id=16784, stack(0x0000003582800000,0x0000003582900000) (1024K)]
  0x000001efc1b33f00 WorkerThread "GC Thread#3"                     [id=6472, stack(0x0000003582900000,0x0000003582a00000) (1024K)]
  0x000001efc1b342a0 WorkerThread "GC Thread#4"                     [id=12924, stack(0x0000003582a00000,0x0000003582b00000) (1024K)]
  0x000001efc150c800 WorkerThread "GC Thread#5"                     [id=10500, stack(0x0000003582b00000,0x0000003582c00000) (1024K)]
  0x000001efc150cba0 WorkerThread "GC Thread#6"                     [id=29224, stack(0x0000003582c00000,0x0000003582d00000) (1024K)]
  0x000001efc60d26c0 WorkerThread "GC Thread#7"                     [id=7816, stack(0x0000003583600000,0x0000003583700000) (1024K)]
  0x000001efc667c840 WorkerThread "GC Thread#8"                     [id=22516, stack(0x0000003583f00000,0x0000003584000000) (1024K)]
  0x000001efc667bd60 WorkerThread "GC Thread#9"                     [id=31080, stack(0x0000003584000000,0x0000003584100000) (1024K)]
Total: 12

Threads with active compile tasks:
C2 CompilerThread1  6094 3743       4       lombok.patcher.PatchScript::classMatches (41 bytes)
C2 CompilerThread2  6094 3338       4       org.eclipse.osgi.storage.BundleInfo$CachedManifest::get (6 bytes)
Total: 2

VM state: not at safepoint (normal execution)

VM Mutex/Monitor currently owned by a thread:  ([mutex/lock_event])
[0x00007fff1302d470] CodeCache_lock - owner thread: 0x000001efc612dcd0
[0x00007fff1302d5f0] Compile_lock - owner thread: 0x000001efc612dcd0

Heap address: 0x0000000080000000, size: 2048 MB, Compressed Oops mode: 32-bit

CDS archive(s) mapped at: [0x000001ef80000000-0x000001ef80ba0000-0x000001ef80ba0000), size 12189696, SharedBaseAddress: 0x000001ef80000000, ArchiveRelocationMode: 1.
Compressed class space mapped at: 0x000001ef81000000-0x000001efc1000000, reserved size: 1073741824
Narrow klass base: 0x000001ef80000000, Narrow klass shift: 0, Narrow klass range: 0x100000000

GC Precious Log:
 CardTable entry size: 512
 CPUs: 12 total, 12 available
 Memory: 16052M
 Large Page Support: Disabled
 NUMA Support: Disabled
 Compressed Oops: Enabled (32-bit)
 Alignments: Space 512K, Generation 512K, Heap 2M
 Heap Min Capacity: 100M
 Heap Initial Capacity: 100M
 Heap Max Capacity: 2G
 Pre-touch: Disabled
 Parallel Workers: 10

Heap:
 PSYoungGen      total 29184K, used 15112K [0x00000000d5580000, 0x00000000d7980000, 0x0000000100000000)
  eden space 24064K, 41% used [0x00000000d5580000,0x00000000d5f43098,0x00000000d6d00000)
  from space 5120K, 99% used [0x00000000d7300000,0x00000000d77fefb8,0x00000000d7800000)
  to   space 6144K, 0% used [0x00000000d6d00000,0x00000000d6d00000,0x00000000d7300000)
 ParOldGen       total 68608K, used 7207K [0x0000000080000000, 0x0000000084300000, 0x00000000d5580000)
  object space 68608K, 10% used [0x0000000080000000,0x0000000080709fe8,0x0000000084300000)
 Metaspace       used 15836K, committed 16384K, reserved 1114112K
  class space    used 1612K, committed 1856K, reserved 1048576K

Card table byte_map: [0x000001efe6f30000,0x000001efe7340000] _byte_map_base: 0x000001efe6b30000

Marking Bits: (ParMarkBitMap*) 0x00007fff13032460
 Begin Bits: [0x000001eff9a40000, 0x000001effba40000)
 End Bits:   [0x000001effba40000, 0x000001effda40000)

Polling page: 0x000001efe5370000

Metaspace:

Usage:
  Non-class:     13.89 MB used.
      Class:      1.58 MB used.
       Both:     15.47 MB used.

Virtual space:
  Non-class space:       64.00 MB reserved,      14.19 MB ( 22%) committed,  1 nodes.
      Class space:        1.00 GB reserved,       1.81 MB ( <1%) committed,  1 nodes.
             Both:        1.06 GB reserved,      16.00 MB (  1%) committed. 

Chunk freelists:
   Non-Class:  1.58 MB
       Class:  14.00 MB
        Both:  15.58 MB

MaxMetaspaceSize: unlimited
CompressedClassSpaceSize: 1.00 GB
Initial GC threshold: 21.00 MB
Current GC threshold: 21.00 MB
CDS: on
 - commit_granule_bytes: 65536.
 - commit_granule_words: 8192.
 - virtual_space_node_default_size: 8388608.
 - enlarge_chunks_in_place: 1.
 - use_allocation_guard: 0.


Internal statistics:

num_allocs_failed_limit: 0.
num_arena_births: 412.
num_arena_deaths: 0.
num_vsnodes_births: 2.
num_vsnodes_deaths: 0.
num_space_committed: 256.
num_space_uncommitted: 0.
num_chunks_returned_to_freelist: 0.
num_chunks_taken_from_freelist: 924.
num_chunk_merges: 0.
num_chunk_splits: 599.
num_chunks_enlarged: 394.
num_inconsistent_stats: 0.

CodeHeap 'non-profiled nmethods': size=120000Kb used=1734Kb max_used=1734Kb free=118265Kb
 bounds [0x000001eff2260000, 0x000001eff24d0000, 0x000001eff9790000]
CodeHeap 'profiled nmethods': size=120000Kb used=7865Kb max_used=7865Kb free=112135Kb
 bounds [0x000001efea790000, 0x000001efeaf40000, 0x000001eff1cc0000]
CodeHeap 'non-nmethods': size=5760Kb used=1251Kb max_used=1282Kb free=4508Kb
 bounds [0x000001eff1cc0000, 0x000001eff1f30000, 0x000001eff2260000]
CodeCache: size=245760Kb, used=10850Kb, max_used=10881Kb, free=234908Kb
 total_blobs=4267, nmethods=3745, adapters=428, full_count=0
Compilation: enabled, stopped_count=0, restarted_count=0

Compilation events (20 events):
Event: 5.482 Thread 0x000001efe764e0e0 nmethod 3481 0x000001efeaea0410 code [0x000001efeaea0600, 0x000001efeaea0c80]
Event: 5.482 Thread 0x000001efe7639a20 3486       4       com.sun.org.apache.xerces.internal.impl.io.UTF8Reader::read (1443 bytes)
Event: 5.483 Thread 0x000001efe764e0e0 3477       3       com.sun.org.apache.xerces.internal.impl.XMLErrorReporter::setProperty (47 bytes)
Event: 5.484 Thread 0x000001efc6dddc40 nmethod 3478 0x000001eff23f9110 code [0x000001eff23f92a0, 0x000001eff23f9470]
Event: 5.484 Thread 0x000001efc6dddc40 3488       4       com.sun.org.apache.xerces.internal.impl.XMLEntityScanner::skipSpaces (362 bytes)
Event: 5.484 Thread 0x000001efe764e0e0 nmethod 3477 0x000001efeaea0f10 code [0x000001efeaea1160, 0x000001efeaea1a18]
Event: 5.484 Thread 0x000001efe764e0e0 3485       1       org.apache.felix.scr.impl.metadata.ReferenceMetadata::getName (5 bytes)
Event: 5.484 Thread 0x000001efe764e0e0 nmethod 3485 0x000001eff23f9590 code [0x000001eff23f9720, 0x000001eff23f97e8]
Event: 5.484 Thread 0x000001efe764e0e0 3483       3       org.eclipse.osgi.internal.hooks.EclipseLazyStarter::preFindLocalClass (120 bytes)
Event: 5.485 Thread 0x000001efe764e0e0 nmethod 3483 0x000001efeaea1d90 code [0x000001efeaea2040, 0x000001efeaea2da8]
Event: 5.486 Thread 0x000001efe764e0e0 3491   !   3       org.eclipse.osgi.internal.loader.classpath.ClasspathManager::findLocalClass (210 bytes)
Event: 5.487 Thread 0x000001efe764e0e0 nmethod 3491 0x000001efeaea3210 code [0x000001efeaea35e0, 0x000001efeaea5168]
Event: 5.487 Thread 0x000001efe764e0e0 3490       3       org.apache.felix.scr.impl.logger.ScrLogManager$ScrLoggerFacade::isLogEnabled (109 bytes)
Event: 5.488 Thread 0x000001efe764e0e0 nmethod 3490 0x000001efeaea5a90 code [0x000001efeaea5d20, 0x000001efeaea6900]
Event: 5.488 Thread 0x000001efe764e0e0 3489       3       org.eclipse.osgi.internal.loader.BundleLoader::getProviderLoader (77 bytes)
Event: 5.490 Thread 0x000001efe764e0e0 nmethod 3489 0x000001efeaea6c90 code [0x000001efeaea7040, 0x000001efeaea8600]
Event: 5.494 Thread 0x000001efc6dddc40 nmethod 3488 0x000001eff23f9890 code [0x000001eff23f9aa0, 0x000001eff23f9f80]
Event: 5.494 Thread 0x000001efc6dddc40 3487       4       com.sun.org.apache.xerces.internal.utils.XMLSecurityManager::isOverLimit (111 bytes)
Event: 5.497 Thread 0x000001efc6dddc40 nmethod 3487 0x000001eff23fa390 code [0x000001eff23fa540, 0x000001eff23fa7a0]
Event: 5.500 Thread 0x000001efe7639a20 nmethod 3486 0x000001eff23fa990 code [0x000001eff23fab60, 0x000001eff23fb168]

GC Heap History (10 events):
Event: 1.268 GC heap before
{Heap before GC invocations=1 (full 0):
 PSYoungGen      total 29696K, used 25600K [0x00000000d5580000, 0x00000000d7680000, 0x0000000100000000)
  eden space 25600K, 100% used [0x00000000d5580000,0x00000000d6e80000,0x00000000d6e80000)
  from space 4096K, 0% used [0x00000000d7280000,0x00000000d7280000,0x00000000d7680000)
  to   space 4096K, 0% used [0x00000000d6e80000,0x00000000d6e80000,0x00000000d7280000)
 ParOldGen       total 68608K, used 0K [0x0000000080000000, 0x0000000084300000, 0x00000000d5580000)
  object space 68608K, 0% used [0x0000000080000000,0x0000000080000000,0x0000000084300000)
 Metaspace       used 4458K, committed 4672K, reserved 1114112K
  class space    used 490K, committed 576K, reserved 1048576K
}
Event: 1.276 GC heap after
{Heap after GC invocations=1 (full 0):
 PSYoungGen      total 29696K, used 3303K [0x00000000d5580000, 0x00000000d7680000, 0x0000000100000000)
  eden space 25600K, 0% used [0x00000000d5580000,0x00000000d5580000,0x00000000d6e80000)
  from space 4096K, 80% used [0x00000000d6e80000,0x00000000d71b9e98,0x00000000d7280000)
  to   space 4096K, 0% used [0x00000000d7280000,0x00000000d7280000,0x00000000d7680000)
 ParOldGen       total 68608K, used 16K [0x0000000080000000, 0x0000000084300000, 0x00000000d5580000)
  object space 68608K, 0% used [0x0000000080000000,0x0000000080004000,0x0000000084300000)
 Metaspace       used 4458K, committed 4672K, reserved 1114112K
  class space    used 490K, committed 576K, reserved 1048576K
}
Event: 2.359 GC heap before
{Heap before GC invocations=2 (full 0):
 PSYoungGen      total 29696K, used 28903K [0x00000000d5580000, 0x00000000d7680000, 0x0000000100000000)
  eden space 25600K, 100% used [0x00000000d5580000,0x00000000d6e80000,0x00000000d6e80000)
  from space 4096K, 80% used [0x00000000d6e80000,0x00000000d71b9e98,0x00000000d7280000)
  to   space 4096K, 0% used [0x00000000d7280000,0x00000000d7280000,0x00000000d7680000)
 ParOldGen       total 68608K, used 16K [0x0000000080000000, 0x0000000084300000, 0x00000000d5580000)
  object space 68608K, 0% used [0x0000000080000000,0x0000000080004000,0x0000000084300000)
 Metaspace       used 8351K, committed 8640K, reserved 1114112K
  class space    used 888K, committed 1024K, reserved 1048576K
}
Event: 2.366 GC heap after
{Heap after GC invocations=2 (full 0):
 PSYoungGen      total 29696K, used 4071K [0x00000000d5580000, 0x00000000d7680000, 0x0000000100000000)
  eden space 25600K, 0% used [0x00000000d5580000,0x00000000d5580000,0x00000000d6e80000)
  from space 4096K, 99% used [0x00000000d7280000,0x00000000d7679e98,0x00000000d7680000)
  to   space 4096K, 0% used [0x00000000d6e80000,0x00000000d6e80000,0x00000000d7280000)
 ParOldGen       total 68608K, used 120K [0x0000000080000000, 0x0000000084300000, 0x00000000d5580000)
  object space 68608K, 0% used [0x0000000080000000,0x000000008001e000,0x0000000084300000)
 Metaspace       used 8351K, committed 8640K, reserved 1114112K
  class space    used 888K, committed 1024K, reserved 1048576K
}
Event: 3.002 GC heap before
{Heap before GC invocations=3 (full 0):
 PSYoungGen      total 29696K, used 29671K [0x00000000d5580000, 0x00000000d7680000, 0x0000000100000000)
  eden space 25600K, 99% used [0x00000000d5580000,0x00000000d6e7fff0,0x00000000d6e80000)
  from space 4096K, 99% used [0x00000000d7280000,0x00000000d7679e98,0x00000000d7680000)
  to   space 4096K, 0% used [0x00000000d6e80000,0x00000000d6e80000,0x00000000d7280000)
 ParOldGen       total 68608K, used 120K [0x0000000080000000, 0x0000000084300000, 0x00000000d5580000)
  object space 68608K, 0% used [0x0000000080000000,0x000000008001e000,0x0000000084300000)
 Metaspace       used 8738K, committed 9024K, reserved 1114112K
  class space    used 915K, committed 1088K, reserved 1048576K
}
Event: 3.012 GC heap after
{Heap after GC invocations=3 (full 0):
 PSYoungGen      total 29696K, used 4070K [0x00000000d5580000, 0x00000000d7680000, 0x0000000100000000)
  eden space 25600K, 0% used [0x00000000d5580000,0x00000000d5580000,0x00000000d6e80000)
  from space 4096K, 99% used [0x00000000d6e80000,0x00000000d7279bd8,0x00000000d7280000)
  to   space 4096K, 0% used [0x00000000d7280000,0x00000000d7280000,0x00000000d7680000)
 ParOldGen       total 68608K, used 4304K [0x0000000080000000, 0x0000000084300000, 0x00000000d5580000)
  object space 68608K, 6% used [0x0000000080000000,0x00000000804340d0,0x0000000084300000)
 Metaspace       used 8738K, committed 9024K, reserved 1114112K
  class space    used 915K, committed 1088K, reserved 1048576K
}
Event: 3.611 GC heap before
{Heap before GC invocations=4 (full 0):
 PSYoungGen      total 29696K, used 29670K [0x00000000d5580000, 0x00000000d7680000, 0x0000000100000000)
  eden space 25600K, 99% used [0x00000000d5580000,0x00000000d6e7ffe0,0x00000000d6e80000)
  from space 4096K, 99% used [0x00000000d6e80000,0x00000000d7279bd8,0x00000000d7280000)
  to   space 4096K, 0% used [0x00000000d7280000,0x00000000d7280000,0x00000000d7680000)
 ParOldGen       total 68608K, used 4304K [0x0000000080000000, 0x0000000084300000, 0x00000000d5580000)
  object space 68608K, 6% used [0x0000000080000000,0x00000000804340d0,0x0000000084300000)
 Metaspace       used 10149K, committed 10432K, reserved 1114112K
  class space    used 1056K, committed 1152K, reserved 1048576K
}
Event: 3.618 GC heap after
{Heap after GC invocations=4 (full 0):
 PSYoungGen      total 29696K, used 4068K [0x00000000d5580000, 0x00000000d7680000, 0x0000000100000000)
  eden space 25600K, 0% used [0x00000000d5580000,0x00000000d5580000,0x00000000d6e80000)
  from space 4096K, 99% used [0x00000000d7280000,0x00000000d7679108,0x00000000d7680000)
  to   space 4096K, 0% used [0x00000000d6e80000,0x00000000d6e80000,0x00000000d7280000)
 ParOldGen       total 68608K, used 6458K [0x0000000080000000, 0x0000000084300000, 0x00000000d5580000)
  object space 68608K, 9% used [0x0000000080000000,0x000000008064ebf8,0x0000000084300000)
 Metaspace       used 10149K, committed 10432K, reserved 1114112K
  class space    used 1056K, committed 1152K, reserved 1048576K
}
Event: 4.797 GC heap before
{Heap before GC invocations=5 (full 0):
 PSYoungGen      total 29696K, used 29668K [0x00000000d5580000, 0x00000000d7680000, 0x0000000100000000)
  eden space 25600K, 100% used [0x00000000d5580000,0x00000000d6e80000,0x00000000d6e80000)
  from space 4096K, 99% used [0x00000000d7280000,0x00000000d7679108,0x00000000d7680000)
  to   space 4096K, 0% used [0x00000000d6e80000,0x00000000d6e80000,0x00000000d7280000)
 ParOldGen       total 68608K, used 6458K [0x0000000080000000, 0x0000000084300000, 0x00000000d5580000)
  object space 68608K, 9% used [0x0000000080000000,0x000000008064ebf8,0x0000000084300000)
 Metaspace       used 10754K, committed 11008K, reserved 1114112K
  class space    used 1099K, committed 1216K, reserved 1048576K
}
Event: 4.802 GC heap after
{Heap after GC invocations=5 (full 0):
 PSYoungGen      total 29184K, used 4083K [0x00000000d5580000, 0x00000000d7800000, 0x0000000100000000)
  eden space 25088K, 0% used [0x00000000d5580000,0x00000000d5580000,0x00000000d6e00000)
  from space 4096K, 99% used [0x00000000d6e80000,0x00000000d727cfa0,0x00000000d7280000)
  to   space 5120K, 0% used [0x00000000d7300000,0x00000000d7300000,0x00000000d7800000)
 ParOldGen       total 68608K, used 6658K [0x0000000080000000, 0x0000000084300000, 0x00000000d5580000)
  object space 68608K, 9% used [0x0000000080000000,0x0000000080680bf8,0x0000000084300000)
 Metaspace       used 10754K, committed 11008K, reserved 1114112K
  class space    used 1099K, committed 1216K, reserved 1048576K
}

Dll operation events (9 events):
Event: 0.019 Loaded shared library c:\Users\lokes\.vscode\extensions\redhat.java-1.51.0-win32-x64\jre\21.0.9-win32-x86_64\bin\java.dll
Event: 0.163 Loaded shared library c:\Users\lokes\.vscode\extensions\redhat.java-1.51.0-win32-x64\jre\21.0.9-win32-x86_64\bin\zip.dll
Event: 0.205 Loaded shared library C:\Users\lokes\.vscode\extensions\redhat.java-1.51.0-win32-x64\jre\21.0.9-win32-x86_64\bin\instrument.dll
Event: 0.216 Loaded shared library C:\Users\lokes\.vscode\extensions\redhat.java-1.51.0-win32-x64\jre\21.0.9-win32-x86_64\bin\net.dll
Event: 0.221 Loaded shared library C:\Users\lokes\.vscode\extensions\redhat.java-1.51.0-win32-x64\jre\21.0.9-win32-x86_64\bin\nio.dll
Event: 0.230 Loaded shared library C:\Users\lokes\.vscode\extensions\redhat.java-1.51.0-win32-x64\jre\21.0.9-win32-x86_64\bin\zip.dll
Event: 0.267 Loaded shared library C:\Users\lokes\.vscode\extensions\redhat.java-1.51.0-win32-x64\jre\21.0.9-win32-x86_64\bin\jimage.dll
Event: 0.398 Loaded shared library c:\Users\lokes\.vscode\extensions\redhat.java-1.51.0-win32-x64\jre\21.0.9-win32-x86_64\bin\verify.dll
Event: 2.967 Loaded shared library C:\Users\lokes\AppData\Roaming\Code\User\globalStorage\redhat.java\1.51.0\config_win\org.eclipse.equinox.launcher\org.eclipse.equinox.launcher.win32.win32.x86_64_1.2.1400.v20250801-0854\eclipse_11916.dll

Deoptimization events (20 events):
Event: 5.069 Thread 0x000001efc612dcd0 DEOPT PACKING pc=0x000001eff23b6274 sp=0x00000035835f7390
Event: 5.069 Thread 0x000001efc612dcd0 DEOPT UNPACKING pc=0x000001eff1d13aa2 sp=0x00000035835f7380 mode 2
Event: 5.083 Thread 0x000001efc612dcd0 Uncommon trap: trap_request=0xffffffde fr.pc=0x000001eff23839b8 relative=0x00000000000009d8
Event: 5.083 Thread 0x000001efc612dcd0 Uncommon trap: reason=class_check action=maybe_recompile pc=0x000001eff23839b8 method=java.io.BufferedInputStream.implRead([BII)I @ 100 c2
Event: 5.083 Thread 0x000001efc612dcd0 DEOPT PACKING pc=0x000001eff23839b8 sp=0x00000035835f82b0
Event: 5.083 Thread 0x000001efc612dcd0 DEOPT UNPACKING pc=0x000001eff1d13aa2 sp=0x00000035835f8288 mode 2
Event: 5.086 Thread 0x000001efc612dcd0 Uncommon trap: trap_request=0xffffff45 fr.pc=0x000001eff2383964 relative=0x0000000000000984
Event: 5.086 Thread 0x000001efc612dcd0 Uncommon trap: reason=unstable_if action=reinterpret pc=0x000001eff2383964 method=java.io.BufferedInputStream.implRead([BII)I @ 55 c2
Event: 5.086 Thread 0x000001efc612dcd0 DEOPT PACKING pc=0x000001eff2383964 sp=0x00000035835f82b0
Event: 5.086 Thread 0x000001efc612dcd0 DEOPT UNPACKING pc=0x000001eff1d13aa2 sp=0x00000035835f8288 mode 2
Event: 5.290 Thread 0x000001efc612dcd0 Uncommon trap: trap_request=0xffffff45 fr.pc=0x000001eff23e2328 relative=0x0000000000000088
Event: 5.290 Thread 0x000001efc612dcd0 Uncommon trap: reason=unstable_if action=reinterpret pc=0x000001eff23e2328 method=com.sun.org.apache.xerces.internal.impl.XMLEntityScanner.checkBeforeLoad(Lcom/sun/xml/internal/stream/Entity$ScannedEntity;II)I @ 18 c2
Event: 5.290 Thread 0x000001efc612dcd0 DEOPT PACKING pc=0x000001eff23e2328 sp=0x00000035835f8450
Event: 5.290 Thread 0x000001efc612dcd0 DEOPT UNPACKING pc=0x000001eff1d13aa2 sp=0x00000035835f83c0 mode 2
Event: 5.470 Thread 0x000001efc612dcd0 Uncommon trap: trap_request=0xffffff45 fr.pc=0x000001eff23f34a8 relative=0x0000000000000428
Event: 5.470 Thread 0x000001efc612dcd0 Uncommon trap: reason=unstable_if action=reinterpret pc=0x000001eff23f34a8 method=com.sun.org.apache.xerces.internal.impl.XMLEntityScanner.scanLiteral(ILcom/sun/org/apache/xerces/internal/xni/XMLString;Z)I @ 299 c2
Event: 5.471 Thread 0x000001efc612dcd0 DEOPT PACKING pc=0x000001eff23f34a8 sp=0x00000035835fd480
Event: 5.471 Thread 0x000001efc612dcd0 DEOPT UNPACKING pc=0x000001eff1d13aa2 sp=0x00000035835fd410 mode 2
Event: 5.483 Thread 0x000001efc612dcd0 DEOPT PACKING pc=0x000001efeae22428 sp=0x00000035835fd790
Event: 5.483 Thread 0x000001efc612dcd0 DEOPT UNPACKING pc=0x000001eff1d14242 sp=0x00000035835fcc50 mode 0

Classes loaded (20 events):
Event: 4.915 Loading class com/sun/org/apache/xerces/internal/impl/Constants done
Event: 4.915 Loading class com/sun/org/apache/xerces/internal/impl/Constants$ArrayEnumeration
Event: 4.915 Loading class com/sun/org/apache/xerces/internal/impl/Constants$ArrayEnumeration done
Event: 4.926 Loading class com/sun/org/apache/xerces/internal/impl/io/MalformedByteSequenceException
Event: 4.926 Loading class java/io/CharConversionException
Event: 4.926 Loading class java/io/CharConversionException done
Event: 4.926 Loading class com/sun/org/apache/xerces/internal/impl/io/MalformedByteSequenceException done
Event: 4.939 Loading class java/util/concurrent/CompletionStage
Event: 4.939 Loading class java/util/concurrent/CompletionStage done
Event: 4.958 Loading class java/util/concurrent/locks/ReentrantLock$FairSync
Event: 4.958 Loading class java/util/concurrent/locks/ReentrantLock$FairSync done
Event: 5.056 Loading class java/lang/invoke/DirectMethodHandle$StaticAccessor
Event: 5.056 Loading class java/lang/invoke/DirectMethodHandle$StaticAccessor done
Event: 5.065 Loading class java/lang/IllegalCallerException
Event: 5.065 Loading class java/lang/IllegalCallerException done
Event: 5.072 Loading class java/lang/invoke/DirectMethodHandle$1
Event: 5.072 Loading class java/lang/invoke/DirectMethodHandle$1 done
Event: 5.077 Loading class org/xml/sax/SAXParseException
Event: 5.077 Loading class org/xml/sax/SAXParseException done
Event: 5.489 Loading class java/lang/Process

Classes unloaded (0 events):
No events

Classes redefined (0 events):
No events

Internal exceptions (20 events):
Event: 1.543 Thread 0x000001efe51aa640 Exception <a 'java/lang/NoSuchMethodError'{0x00000000d5b732f0}: 'int java.lang.invoke.DirectMethodHandle$Holder.invokeVirtual(java.lang.Object, java.lang.Object)'> (0x00000000d5b732f0) 
thrown [s\src\hotspot\share\interpreter\linkResolver.cpp, line 773]
Event: 1.963 Thread 0x000001efe51aa640 Exception <a 'java/lang/IncompatibleClassChangeError'{0x00000000d653d0d0}: Found class java.lang.Object, but interface was expected> (0x00000000d653d0d0) 
thrown [s\src\hotspot\share\interpreter\linkResolver.cpp, line 840]
Event: 1.965 Thread 0x000001efe51aa640 Exception <a 'java/lang/NoSuchMethodError'{0x00000000d6545b70}: 'void java.lang.invoke.DirectMethodHandle$Holder.invokeInterface(java.lang.Object, java.lang.Object, java.lang.Object)'> (0x00000000d6545b70) 
thrown [s\src\hotspot\share\interpreter\linkResolver.cpp, line 773]
Event: 2.005 Thread 0x000001efe51aa640 Exception <a 'java/lang/NoSuchMethodError'{0x00000000d67b84c0}: 'int java.lang.invoke.DirectMethodHandle$Holder.invokeStaticInit(java.lang.Object, java.lang.Object, java.lang.Object, java.lang.Object)'> (0x00000000d67b84c0) 
thrown [s\src\hotspot\share\interpreter\linkResolver.cpp, line 773]
Event: 2.007 Thread 0x000001efe51aa640 Exception <a 'java/lang/NoSuchMethodError'{0x00000000d67c2a90}: 'void java.lang.invoke.DirectMethodHandle$Holder.invokeStaticInit(java.lang.Object, java.lang.Object)'> (0x00000000d67c2a90) 
thrown [s\src\hotspot\share\interpreter\linkResolver.cpp, line 773]
Event: 2.009 Thread 0x000001efe51aa640 Exception <a 'java/lang/NoSuchMethodError'{0x00000000d67c7f70}: 'int java.lang.invoke.DirectMethodHandle$Holder.invokeStaticInit(java.lang.Object, java.lang.Object)'> (0x00000000d67c7f70) 
thrown [s\src\hotspot\share\interpreter\linkResolver.cpp, line 773]
Event: 2.066 Thread 0x000001efe51aa640 Exception <a 'java/lang/NoSuchMethodError'{0x00000000d69b0858}: 'java.lang.Object java.lang.invoke.DirectMethodHandle$Holder.newInvokeSpecial(java.lang.Object, int, java.lang.Object)'> (0x00000000d69b0858) 
thrown [s\src\hotspot\share\interpreter\linkResolver.cpp, line 773]
Event: 2.122 Thread 0x000001efe51aa640 Exception <a 'java/lang/ClassNotFoundException'{0x00000000d6b2cde0}: sun/net/www/protocol/plurl/Handler> (0x00000000d6b2cde0) 
thrown [s\src\hotspot\share\classfile\systemDictionary.cpp, line 312]
Event: 2.122 Thread 0x000001efe51aa640 Exception <a 'java/lang/ClassNotFoundException'{0x00000000d6b2dc60}: sun/net/www/protocol/plurl/Handler> (0x00000000d6b2dc60) 
thrown [s\src\hotspot\share\classfile\systemDictionary.cpp, line 312]
Event: 2.127 Thread 0x000001efe51aa640 Exception <a 'java/lang/NoSuchMethodError'{0x00000000d6b6da78}: 'void java.lang.invoke.DirectMethodHandle$Holder.invokeSpecial(java.lang.Object, java.lang.Object, java.lang.Object)'> (0x00000000d6b6da78) 
thrown [s\src\hotspot\share\interpreter\linkResolver.cpp, line 773]
Event: 2.962 Thread 0x000001efe51aa640 Exception <a 'java/lang/UnsatisfiedLinkError'{0x00000000d6d75108}: 'void org.eclipse.equinox.launcher.JNIBridge._update_splash()'> (0x00000000d6d75108) 
thrown [s\src\hotspot\share\prims\nativeLookup.cpp, line 415]
Event: 3.443 Thread 0x000001efc612dcd0 Exception <a 'java/lang/NoSuchMethodError'{0x00000000d6967a28}: 'java.lang.Object java.lang.invoke.DirectMethodHandle$Holder.newInvokeSpecial(java.lang.Object, java.lang.Object, int, java.lang.Object)'> (0x00000000d6967a28) 
thrown [s\src\hotspot\share\interpreter\linkResolver.cpp, line 773]
Event: 3.444 Thread 0x000001efc612dcd0 Exception <a 'java/lang/NoSuchMethodError'{0x00000000d696b858}: 'java.lang.Object java.lang.invoke.DirectMethodHandle$Holder.invokeSpecial(java.lang.Object, java.lang.Object, java.lang.Object, int, java.lang.Object)'> (0x00000000d696b858) 
thrown [s\src\hotspot\share\interpreter\linkResolver.cpp, line 773]
Event: 3.468 Thread 0x000001efc612dcd0 Exception <a 'java/lang/NoClassDefFoundError'{0x00000000d6a1b0e8}: jakarta/servlet/ServletContainerInitializer> (0x00000000d6a1b0e8) 
thrown [s\src\hotspot\share\classfile\systemDictionary.cpp, line 301]
Event: 3.518 Thread 0x000001efc612dcd0 Exception <a 'java/lang/NoSuchMethodError'{0x00000000d6b6f498}: 'java.lang.Object java.lang.invoke.DirectMethodHandle$Holder.invokeStatic(java.lang.Object, int, java.lang.Object)'> (0x00000000d6b6f498) 
thrown [s\src\hotspot\share\interpreter\linkResolver.cpp, line 773]
Event: 3.534 Thread 0x000001efc612dcd0 Exception <a 'java/lang/ClassNotFoundException'{0x00000000d6bcd340}: sun/util/logging/resources/spi/loggingProvider> (0x00000000d6bcd340) 
thrown [s\src\hotspot\share\classfile\systemDictionary.cpp, line 312]
Event: 4.811 Thread 0x000001efc612dcd0 Exception <a 'java/lang/NullPointerException'{0x00000000d55b6218}> (0x00000000d55b6218) 
thrown [s\src\hotspot\share\interpreter\linkResolver.cpp, line 1372]
Event: 4.811 Thread 0x000001efc612dcd0 Exception <a 'java/lang/NullPointerException'{0x00000000d55b64f8}> (0x00000000d55b64f8) 
thrown [s\src\hotspot\share\interpreter\linkResolver.cpp, line 1372]
Event: 5.059 Thread 0x000001efc612dcd0 Exception <a 'java/lang/NoSuchMethodError'{0x00000000d5fdb2d0}: 'void java.lang.invoke.Invokers$Holder.invokeExact_MT(java.lang.Object, java.lang.Object, java.lang.Object)'> (0x00000000d5fdb2d0) 
thrown [s\src\hotspot\share\interpreter\linkResolver.cpp, line 773]
Event: 5.404 Thread 0x000001efc612dcd0 Exception <a 'java/io/FileNotFoundException'{0x00000000d67def00}> (0x00000000d67def00) 
thrown [s\src\hotspot\share\prims\jni.cpp, line 520]

ZGC Phase Switch (0 events):
No events

VM Operations (20 events):
Event: 3.238 Executing VM operation: ICBufferFull
Event: 3.238 Executing VM operation: ICBufferFull done
Event: 3.471 Executing VM operation: HandshakeAllThreads (Deoptimize)
Event: 3.472 Executing VM operation: HandshakeAllThreads (Deoptimize) done
Event: 3.502 Executing VM operation: HandshakeAllThreads (Deoptimize)
Event: 3.502 Executing VM operation: HandshakeAllThreads (Deoptimize) done
Event: 3.554 Executing VM operation: HandshakeAllThreads (Deoptimize)
Event: 3.554 Executing VM operation: HandshakeAllThreads (Deoptimize) done
Event: 3.586 Executing VM operation: HandshakeAllThreads (Deoptimize)
Event: 3.586 Executing VM operation: HandshakeAllThreads (Deoptimize) done
Event: 3.605 Executing VM operation: HandshakeAllThreads (Deoptimize)
Event: 3.605 Executing VM operation: HandshakeAllThreads (Deoptimize) done
Event: 3.610 Executing VM operation: ParallelGCFailedAllocation (Allocation Failure)
Event: 3.618 Executing VM operation: ParallelGCFailedAllocation (Allocation Failure) done
Event: 4.282 Executing VM operation: HandshakeAllThreads (Deoptimize)
Event: 4.282 Executing VM operation: HandshakeAllThreads (Deoptimize) done
Event: 4.797 Executing VM operation: ParallelGCFailedAllocation (Allocation Failure)
Event: 4.803 Executing VM operation: ParallelGCFailedAllocation (Allocation Failure) done
Event: 4.959 Executing VM operation: HandshakeAllThreads (Deoptimize)
Event: 4.959 Executing VM operation: HandshakeAllThreads (Deoptimize) done

Memory protections (0 events):
No events

Nmethod flushes (0 events):
No events

Events (20 events):
Event: 1.955 Thread 0x000001efe51aa640 Thread added: 0x000001efc15bc410
Event: 1.959 Thread 0x000001efe51aa640 Thread added: 0x000001efc16f8b30
Event: 2.021 Thread 0x000001efe51aa640 Thread added: 0x000001efc612cfb0
Event: 2.349 Thread 0x000001efe51aa640 Thread added: 0x000001efc612d640
Event: 2.352 Thread 0x000001efe51aa640 Thread added: 0x000001efc612dcd0
Event: 2.891 Thread 0x000001efe51aa640 Thread added: 0x000001efc612a850
Event: 2.957 Thread 0x000001efe51aa640 Thread added: 0x000001efc612b570
Event: 3.121 Thread 0x000001efc612b570 Thread added: 0x000001efc612c920
Event: 3.121 Thread 0x000001efc612b570 Thread added: 0x000001efc612bc00
Event: 3.122 Thread 0x000001efc612b570 Thread added: 0x000001efc612c290
Event: 3.122 Thread 0x000001efc612b570 Thread added: 0x000001efc663ceb0
Event: 3.122 Thread 0x000001efc612b570 Thread added: 0x000001efc663d540
Event: 3.122 Thread 0x000001efc612b570 Thread added: 0x000001efc663c190
Event: 3.826 Thread 0x000001efc14629b0 Thread exited: 0x000001efc14629b0
Event: 3.826 Thread 0x000001efff5cd220 Thread exited: 0x000001efff5cd220
Event: 4.013 Thread 0x000001efe764e0e0 Thread added: 0x000001efc641cbc0
Event: 4.385 Thread 0x000001efc641cbc0 Thread exited: 0x000001efc641cbc0
Event: 4.694 Thread 0x000001efe764e0e0 Thread added: 0x000001efc6dddc40
Event: 4.943 Thread 0x000001efc612dcd0 Thread added: 0x000001efc663dbd0
Event: 5.304 Thread 0x000001efe764e0e0 Thread added: 0x000001efc61d3e50


Dynamic libraries:
0x00007ff7af4b0000 - 0x00007ff7af4be000 	c:\Users\lokes\.vscode\extensions\redhat.java-1.51.0-win32-x64\jre\21.0.9-win32-x86_64\bin\java.exe
0x00007ff80ea00000 - 0x00007ff80ec69000 	C:\WINDOWS\SYSTEM32\ntdll.dll
0x00007ff80dbe0000 - 0x00007ff80dca9000 	C:\WINDOWS\System32\KERNEL32.DLL
0x00007ff80c130000 - 0x00007ff80c523000 	C:\WINDOWS\System32\KERNELBASE.dll
0x00007ff80bc30000 - 0x00007ff80bd7b000 	C:\WINDOWS\System32\ucrtbase.dll
0x00007fffd1020000 - 0x00007fffd103e000 	c:\Users\lokes\.vscode\extensions\redhat.java-1.51.0-win32-x64\jre\21.0.9-win32-x86_64\bin\VCRUNTIME140.dll
0x00007fffc3510000 - 0x00007fffc3528000 	c:\Users\lokes\.vscode\extensions\redhat.java-1.51.0-win32-x64\jre\21.0.9-win32-x86_64\bin\jli.dll
0x00007ff80d6c0000 - 0x00007ff80d884000 	C:\WINDOWS\System32\USER32.dll
0x00007fffe3920000 - 0x00007fffe3bb3000 	C:\WINDOWS\WinSxS\amd64_microsoft.windows.common-controls_6595b64144ccf1df_6.0.26100.5074_none_3e0d6f78e32fd63f\COMCTL32.dll
0x00007ff80bf80000 - 0x00007ff80bfa7000 	C:\WINDOWS\System32\win32u.dll
0x00007ff80dfa0000 - 0x00007ff80e049000 	C:\WINDOWS\System32\msvcrt.dll
0x00007ff80dbb0000 - 0x00007ff80dbdb000 	C:\WINDOWS\System32\GDI32.dll
0x00007ff80c5e0000 - 0x00007ff80c70d000 	C:\WINDOWS\System32\gdi32full.dll
0x00007ff80c530000 - 0x00007ff80c5d3000 	C:\WINDOWS\System32\msvcp_win.dll
0x00007ff80d570000 - 0x00007ff80d59f000 	C:\WINDOWS\System32\IMM32.DLL
0x00007fffec8d0000 - 0x00007fffec8dc000 	c:\Users\lokes\.vscode\extensions\redhat.java-1.51.0-win32-x64\jre\21.0.9-win32-x86_64\bin\vcruntime140_1.dll
0x00007fff97c30000 - 0x00007fff97cbd000 	c:\Users\lokes\.vscode\extensions\redhat.java-1.51.0-win32-x64\jre\21.0.9-win32-x86_64\bin\msvcp140.dll
0x00007fff12370000 - 0x00007fff13110000 	c:\Users\lokes\.vscode\extensions\redhat.java-1.51.0-win32-x64\jre\21.0.9-win32-x86_64\bin\server\jvm.dll
0x00007ff80d890000 - 0x00007ff80d944000 	C:\WINDOWS\System32\ADVAPI32.dll
0x00007ff80c7d0000 - 0x00007ff80c876000 	C:\WINDOWS\System32\sechost.dll
0x00007ff80e8a0000 - 0x00007ff80e9b8000 	C:\WINDOWS\System32\RPCRT4.dll
0x00007ff80e3d0000 - 0x00007ff80e444000 	C:\WINDOWS\System32\WS2_32.dll
0x00007ff80b9f0000 - 0x00007ff80ba4e000 	C:\WINDOWS\SYSTEM32\POWRPROF.dll
0x00007ff801c20000 - 0x00007ff801c2b000 	C:\WINDOWS\SYSTEM32\VERSION.dll
0x00007ff805cb0000 - 0x00007ff805ce5000 	C:\WINDOWS\SYSTEM32\WINMM.dll
0x00007ff80b9d0000 - 0x00007ff80b9e4000 	C:\WINDOWS\SYSTEM32\UMPDC.dll
0x00007ff80a970000 - 0x00007ff80a98b000 	C:\WINDOWS\SYSTEM32\kernel.appcore.dll
0x00007fffec840000 - 0x00007fffec84a000 	c:\Users\lokes\.vscode\extensions\redhat.java-1.51.0-win32-x64\jre\21.0.9-win32-x86_64\bin\jimage.dll
0x00007ff809520000 - 0x00007ff809762000 	C:\WINDOWS\SYSTEM32\DBGHELP.DLL
0x00007ff80e450000 - 0x00007ff80e7cb000 	C:\WINDOWS\System32\combase.dll
0x00007ff80e2f0000 - 0x00007ff80e3c7000 	C:\WINDOWS\System32\OLEAUT32.dll
0x00007fffe1ec0000 - 0x00007fffe1efd000 	C:\WINDOWS\SYSTEM32\dbgcore.DLL
0x00007ff80bb90000 - 0x00007ff80bc29000 	C:\WINDOWS\System32\bcryptPrimitives.dll
0x00007fffd6c00000 - 0x00007fffd6c0f000 	c:\Users\lokes\.vscode\extensions\redhat.java-1.51.0-win32-x64\jre\21.0.9-win32-x86_64\bin\instrument.dll
0x00007fff9e100000 - 0x00007fff9e120000 	c:\Users\lokes\.vscode\extensions\redhat.java-1.51.0-win32-x64\jre\21.0.9-win32-x86_64\bin\java.dll
0x00007ff80cd40000 - 0x00007ff80d48d000 	C:\WINDOWS\System32\SHELL32.dll
0x00007ff80bd80000 - 0x00007ff80beec000 	C:\WINDOWS\System32\wintypes.dll
0x00007ff8097c0000 - 0x00007ff80a019000 	C:\WINDOWS\SYSTEM32\windows.storage.dll
0x00007ff80e1f0000 - 0x00007ff80e2e0000 	C:\WINDOWS\System32\SHCORE.dll
0x00007ff80e7d0000 - 0x00007ff80e832000 	C:\WINDOWS\System32\shlwapi.dll
0x00007ff80bab0000 - 0x00007ff80bad9000 	C:\WINDOWS\SYSTEM32\profapi.dll
0x00007fff9dde0000 - 0x00007fff9ddf8000 	c:\Users\lokes\.vscode\extensions\redhat.java-1.51.0-win32-x64\jre\21.0.9-win32-x86_64\bin\zip.dll
0x00007fffe8ec0000 - 0x00007fffe8ed0000 	C:\Users\lokes\.vscode\extensions\redhat.java-1.51.0-win32-x64\jre\21.0.9-win32-x86_64\bin\net.dll
0x00007ff802d20000 - 0x00007ff802e3f000 	C:\WINDOWS\SYSTEM32\WINHTTP.dll
0x00007ff80aef0000 - 0x00007ff80af5b000 	C:\WINDOWS\system32\mswsock.dll
0x00007fff97a20000 - 0x00007fff97a36000 	C:\Users\lokes\.vscode\extensions\redhat.java-1.51.0-win32-x64\jre\21.0.9-win32-x86_64\bin\nio.dll
0x00007fffd30f0000 - 0x00007fffd3100000 	c:\Users\lokes\.vscode\extensions\redhat.java-1.51.0-win32-x64\jre\21.0.9-win32-x86_64\bin\verify.dll
0x00007fff97af0000 - 0x00007fff97b34000 	C:\Users\lokes\AppData\Roaming\Code\User\globalStorage\redhat.java\1.51.0\config_win\org.eclipse.equinox.launcher\org.eclipse.equinox.launcher.win32.win32.x86_64_1.2.1400.v20250801-0854\eclipse_11916.dll
0x00007ff80e050000 - 0x00007ff80e1e8000 	C:\WINDOWS\System32\ole32.dll
0x00007fffe5ec0000 - 0x00007fffe5eca000 	C:\Users\lokes\.vscode\extensions\redhat.java-1.51.0-win32-x64\jre\21.0.9-win32-x86_64\bin\management.dll
0x00007fffe4bc0000 - 0x00007fffe4bcc000 	C:\Users\lokes\.vscode\extensions\redhat.java-1.51.0-win32-x64\jre\21.0.9-win32-x86_64\bin\management_ext.dll
0x00007ff80d6b0000 - 0x00007ff80d6b8000 	C:\WINDOWS\System32\PSAPI.DLL

JVMTI agents:
c:\Users\lokes\.vscode\extensions\redhat.java-1.51.0-win32-x64\lombok\lombok-1.18.39-4050.jar path:c:\Users\lokes\.vscode\extensions\redhat.java-1.51.0-win32-x64\jre\21.0.9-win32-x86_64\bin\instrument.dll, loaded, initialized, instrumentlib options:none

dbghelp: loaded successfully - version: 4.0.5 - missing functions: none
symbol engine: initialized successfully - sym options: 0x614 - pdb path: .;c:\Users\lokes\.vscode\extensions\redhat.java-1.51.0-win32-x64\jre\21.0.9-win32-x86_64\bin;C:\WINDOWS\SYSTEM32;C:\WINDOWS\WinSxS\amd64_microsoft.windows.common-controls_6595b64144ccf1df_6.0.26100.5074_none_3e0d6f78e32fd63f;c:\Users\lokes\.vscode\extensions\redhat.java-1.51.0-win32-x64\jre\21.0.9-win32-x86_64\bin\server;C:\Users\lokes\AppData\Roaming\Code\User\globalStorage\redhat.java\1.51.0\config_win\org.eclipse.equinox.launcher\org.eclipse.equinox.launcher.win32.win32.x86_64_1.2.1400.v20250801-0854

VM Arguments:
jvm_args: --add-modules=ALL-SYSTEM --add-opens=java.base/java.util=ALL-UNNAMED --add-opens=java.base/java.lang=ALL-UNNAMED --add-opens=java.base/sun.nio.fs=ALL-UNNAMED -Declipse.application=org.eclipse.jdt.ls.core.id1 -Dosgi.bundles.defaultStartLevel=4 -Declipse.product=org.eclipse.jdt.ls.core.product -Djava.import.generatesMetadataFilesAtProjectRoot=false -DDetectVMInstallationsJob.disabled=true -Dfile.encoding=utf8 -XX:+UseParallelGC -XX:GCTimeRatio=4 -XX:AdaptiveSizePolicyWeight=90 -Dsun.zip.disableMemoryMapping=true -Xmx2G -Xms100m -Xlog:disable -javaagent:c:\Users\lokes\.vscode\extensions\redhat.java-1.51.0-win32-x64\lombok\lombok-1.18.39-4050.jar -XX:+HeapDumpOnOutOfMemoryError -XX:HeapDumpPath=c:\Users\lokes\AppData\Roaming\Code\User\workspaceStorage\f4b2268d9fd1d9a49c0d2aaac790e11f\redhat.java -Daether.dependencyCollector.impl=bf 
java_command: c:\Users\lokes\.vscode\extensions\redhat.java-1.51.0-win32-x64\server\plugins\org.eclipse.equinox.launcher_1.7.100.v20251111-0406.jar -configuration c:\Users\lokes\AppData\Roaming\Code\User\globalStorage\redhat.java\1.51.0\config_win -data c:\Users\lokes\AppData\Roaming\Code\User\workspaceStorage\f4b2268d9fd1d9a49c0d2aaac790e11f\redhat.java\jdt_ws --pipe=\\.\pipe\lsp-e988839c5098d5c0515923dbf9d97173-sock
java_class_path (initial): c:\Users\lokes\.vscode\extensions\redhat.java-1.51.0-win32-x64\server\plugins\org.eclipse.equinox.launcher_1.7.100.v20251111-0406.jar
Launcher Type: SUN_STANDARD

[Global flags]
    uintx AdaptiveSizePolicyWeight                 = 90                                        {product} {command line}
     intx CICompilerCount                          = 4                                         {product} {ergonomic}
    uintx GCTimeRatio                              = 4                                         {product} {command line}
     bool HeapDumpOnOutOfMemoryError               = true                                   {manageable} {command line}
    ccstr HeapDumpPath                             = c:\Users\lokes\AppData\Roaming\Code\User\workspaceStorage\f4b2268d9fd1d9a49c0d2aaac790e11f\redhat.java         {manageable} {command line}
   size_t InitialHeapSize                          = 104857600                                 {product} {command line}
   size_t MaxHeapSize                              = 2147483648                                {product} {command line}
   size_t MaxNewSize                               = 715653120                                 {product} {ergonomic}
   size_t MinHeapDeltaBytes                        = 524288                                    {product} {ergonomic}
   size_t MinHeapSize                              = 104857600                                 {product} {command line}
   size_t NewSize                                  = 34603008                                  {product} {ergonomic}
    uintx NonNMethodCodeHeapSize                   = 5839372                                {pd product} {ergonomic}
    uintx NonProfiledCodeHeapSize                  = 122909434                              {pd product} {ergonomic}
   size_t OldSize                                  = 70254592                                  {product} {ergonomic}
    uintx ProfiledCodeHeapSize                     = 122909434                              {pd product} {ergonomic}
    uintx ReservedCodeCacheSize                    = 251658240                              {pd product} {ergonomic}
     bool SegmentedCodeCache                       = true                                      {product} {ergonomic}
   size_t SoftMaxHeapSize                          = 2147483648                             {manageable} {ergonomic}
     bool UseCompressedOops                        = true                           {product lp64_product} {ergonomic}
     bool UseLargePagesIndividualAllocation        = false                                  {pd product} {ergonomic}
     bool UseParallelGC                            = true                                      {product} {command line}

Logging:
Log output configuration:
 #0: stdout all=off uptime,level,tags foldmultilines=false
 #1: stderr all=off uptime,level,tags foldmultilines=false

Release file:
JAVA_VERSION="21.0.9" 
MODULES="java.base java.compiler java.datatransfer java.xml java.prefs java.desktop java.instrument java.logging java.management java.security.sasl java.naming java.rmi java.management.rmi java.net.http java.scripting java.security.jgss java.transaction.xa java.sql java.sql.rowset java.xml.crypto java.se java.smartcardio jdk.accessibility jdk.internal.jvmstat jdk.attach jdk.charsets jdk.internal.opt jdk.zipfs jdk.compiler jdk.crypto.ec jdk.crypto.cryptoki jdk.crypto.mscapi jdk.dynalink jdk.internal.ed jdk.editpad jdk.hotspot.agent jdk.httpserver jdk.internal.le jdk.internal.vm.ci jdk.internal.vm.compiler jdk.internal.vm.compiler.management jdk.jartool jdk.javadoc jdk.jcmd jdk.management jdk.management.agent jdk.jconsole jdk.jdeps jdk.jdwp.agent jdk.jdi jdk.jfr jdk.jshell jdk.jsobject jdk.jstatd jdk.localedata jdk.management.jfr jdk.naming.dns jdk.naming.rmi jdk.net jdk.nio.mapmode jdk.random jdk.sctp jdk.security.auth jdk.security.jgss jdk.unsupported jdk.unsupported.desktop jdk.xml.dom" 

Environment Variables:
PATH=C:\Users\lokes\AppData\Local\cloud-code\installer\google-cloud-sdk\bin;C:\Python313\Scripts\;C:\Python313\;C:\Program Files\Common Files\Oracle\Java\javapath;C:\Program Files (x86)\Common Files\Oracle\Java\javapath;C:\Program Files\Microsoft\jdk-11.0.12.7-hotspot\bin;C:\windows\system32;C:\windows;C:\windows\System32\Wbem;C:\windows\System32\WindowsPowerShell\v1.0\;C:\windows\System32\OpenSSH\;C:\Program Files (x86)\NVIDIA Corporation\PhysX\Common;C:\Program Files\NVIDIA Corporation\NVIDIA NvDLISR;C:\WINDOWS\system32;C:\WINDOWS;C:\WINDOWS\System32\Wbem;C:\WINDOWS\System32\WindowsPowerShell\v1.0\;C:\WINDOWS\System32\OpenSSH\;C:\Program Files\Microsoft SQL Server\150\Tools\Binn\;C:\Program Files\Microsoft SQL Server\Client SDK\ODBC\170\Tools\Binn\;C:\Program Files\dotnet\;C:\Program Files (x86)\Windows Kits\10\Windows Performance Toolkit\;C:\MS\DS\Project1_DS\proto\protoc-24.4-win64\bin;C:\Program Files\HP\HP One Agent;C:\Program Files\nodejs\;C:\Users\lokes\AppData\Roaming\npm;C:\MS\Job\weather-service;C:\Program Files\Git\cmd;C:\WINDOWS\system32;C:\WINDOWS;C:\WINDOWS\System32\Wbem;C:\WINDOWS\System32\WindowsPowerShell\v1.0\;C:\WINDOWS\System32\OpenSSH\;C:\Program Files\Docker\Docker\resources\bin;C:\Terraform;C:\Program Files\Amazon\AWSCLIV2\;C:\Program Files\cursor\resources\app\bin;C:\Users\lokes\AppData\Local\Programs\Python\Python311\Scripts\;C:\Users\lokes\AppData\Local\Programs\Python\Python311\;C:\Users\lokes\AppData\Local\Microsoft\WindowsApps;C:\Users\lokes\AppData\Local\Programs\Microsoft VS Code\bin;C:\Users\lokes\.dotnet\tools;C:\sqlite;C:\Users\lokes\AppData\Roaming\npm;C:\Users\lokes\AppData\Local\Microsoft\WinGet\Packages\Schniz.fnm_Microsoft.Winget.Source_8wekyb3d8bbwe;C:\Users\lokes\AppData\Local\Programs\cursor\resources\app\bin;
USERNAME=lokes
OS=Windows_NT
PROCESSOR_IDENTIFIER=Intel64 Family 6 Model 154 Stepping 4, GenuineIntel
TMP=C:\Users\lokes\AppData\Local\Temp
TEMP=C:\Users\lokes\AppData\Local\Temp




Periodic native trim disabled

---------------  S Y S T E M  ---------------

OS:
 Windows 11 , 64 bit Build 26100 (10.0.26100.5074)
OS uptime: 0 days 3:36 hours
Hyper-V role detected

CPU: total 12 (initial active 12) (6 cores per cpu, 2 threads per core) family 6 model 154 stepping 4 microcode 0x42c, cx8, cmov, fxsr, ht, mmx, 3dnowpref, sse, sse2, sse3, ssse3, sse4.1, sse4.2, popcnt, lzcnt, tsc, tscinvbit, avx, avx2, aes, erms, clmul, bmi1, bmi2, adx, sha, fma, vzeroupper, clflush, clflushopt, clwb, hv, serialize, rdtscp, rdpid, fsrm, f16c, cet_ibt, cet_ss
Processor Information for processor 0
  Max Mhz: 1300, Current Mhz: 1300, Mhz Limit: 1300
Processor Information for processor 1
  Max Mhz: 1300, Current Mhz: 1300, Mhz Limit: 1300
Processor Information for processor 2
  Max Mhz: 1300, Current Mhz: 1300, Mhz Limit: 1300
Processor Information for processor 3
  Max Mhz: 1300, Current Mhz: 1300, Mhz Limit: 1300
Processor Information for processor 4
  Max Mhz: 1300, Current Mhz: 900, Mhz Limit: 897
Processor Information for processor 5
  Max Mhz: 1300, Current Mhz: 900, Mhz Limit: 897
Processor Information for processor 6
  Max Mhz: 1300, Current Mhz: 900, Mhz Limit: 897
Processor Information for processor 7
  Max Mhz: 1300, Current Mhz: 900, Mhz Limit: 897
Processor Information for processor 8
  Max Mhz: 1300, Current Mhz: 900, Mhz Limit: 897
Processor Information for processor 9
  Max Mhz: 1300, Current Mhz: 900, Mhz Limit: 897
Processor Information for processor 10
  Max Mhz: 1300, Current Mhz: 900, Mhz Limit: 897
Processor Information for processor 11
  Max Mhz: 1300, Current Mhz: 900, Mhz Limit: 897

Memory: 4k page, system-wide physical 16052M (1176M free)
TotalPageFile size 29521M (AvailPageFile size 100M)
current process WorkingSet (physical memory assigned to process): 141M, peak: 141M
current process commit charge ("private bytes"): 286M, peak: 286M

vm_info: OpenJDK 64-Bit Server VM (21.0.9+10-LTS) for windows-amd64 JRE (21.0.9+10-LTS), built on 2025-10-21T00:00:00Z by "admin" with unknown MS VC++:1942

END.
